Log file produced by: Storyboard Pro (StoryboardPro.exe) version 17.10.0 build 15295 2019-11-26 12:18:00
﻿2022-08-07 21:43:26;ACTION;begin accum Create Drawing (CO_CommandManager.cpp,241)
﻿2022-08-07 21:43:26;ACTION;end accum (CO_CommandManager.cpp,325)
﻿2022-08-07 21:43:26;ACTION;end accum (CO_CommandManager.cpp,325)
﻿2022-08-07 21:43:26;ACTION;end accum (CO_CommandManager.cpp,325)
﻿2022-08-07 21:44:45;ACTION;begin accum Drawing Tool (CO_CommandManager.cpp,241)
﻿2022-08-07 21:44:45;ACTION;end accum (CO_CommandManager.cpp,325)
﻿2022-08-07 21:44:45;ACTION;begin accum  (CO_CommandManager.cpp,241)
﻿2022-08-07 21:44:45;ACTION;end accum (CO_CommandManager.cpp,325)
﻿2022-08-07 21:44:45;ACTION;end accum (CO_CommandManager.cpp,325)
﻿2022-08-07 21:44:46;ACTION;Start unexecute depth 1 (CO_CommandManager.cpp,580)
﻿  2022-08-07 21:44:46;ACTION;Start execute Brush Tool  (class CO_Command * __ptr64) (CO_CommandManager.cpp,594)
﻿  2022-08-07 21:44:46;ACTION;End execute Brush Tool  (class CO_Command * __ptr64) (CO_CommandManager.cpp,594)
﻿2022-08-07 21:44:46;ACTION;End unexecute depth 1 (CO_CommandManager.cpp,580)
﻿2022-08-07 21:44:50;ACTION;begin accum Drawing Tool (CO_CommandManager.cpp,241)
﻿2022-08-07 21:44:50;ACTION;end accum (CO_CommandManager.cpp,325)
﻿2022-08-07 21:44:50;ACTION;begin accum  (CO_CommandManager.cpp,241)
﻿2022-08-07 21:44:50;ACTION;end accum (CO_CommandManager.cpp,325)
﻿2022-08-07 21:45:10;ACTION;begin accum Drawing Tool (CO_CommandManager.cpp,241)
﻿2022-08-07 21:45:10;ACTION;end accum (CO_CommandManager.cpp,325)
﻿2022-08-07 21:45:10;ACTION;begin accum  (CO_CommandManager.cpp,241)
﻿2022-08-07 21:45:10;ACTION;end accum (CO_CommandManager.cpp,325)
﻿2022-08-07 21:45:10;ACTION;end accum (CO_CommandManager.cpp,325)
﻿2022-08-07 21:45:10;ACTION;begin accum Drawing Tool (CO_CommandManager.cpp,241)
﻿2022-08-07 21:45:10;ACTION;end accum (CO_CommandManager.cpp,325)
﻿2022-08-07 21:45:10;ACTION;begin accum  (CO_CommandManager.cpp,241)
﻿2022-08-07 21:45:10;ACTION;end accum (CO_CommandManager.cpp,325)
﻿2022-08-07 21:45:10;ACTION;end accum (CO_CommandManager.cpp,325)
﻿2022-08-07 21:45:11;ACTION;begin accum Drawing Tool (CO_CommandManager.cpp,241)
﻿2022-08-07 21:45:11;ACTION;end accum (CO_CommandManager.cpp,325)
﻿2022-08-07 21:45:11;ACTION;begin accum  (CO_CommandManager.cpp,241)
﻿2022-08-07 21:45:11;ACTION;end accum (CO_CommandManager.cpp,325)
﻿2022-08-07 21:45:11;ACTION;end accum (CO_CommandManager.cpp,325)
﻿2022-08-07 21:45:11;ACTION;begin accum Drawing Tool (CO_CommandManager.cpp,241)
﻿2022-08-07 21:45:11;ACTION;end accum (CO_CommandManager.cpp,325)
﻿2022-08-07 21:45:11;ACTION;begin accum  (CO_CommandManager.cpp,241)
﻿2022-08-07 21:45:11;ACTION;end accum (CO_CommandManager.cpp,325)
﻿2022-08-07 21:45:11;ACTION;end accum (CO_CommandManager.cpp,325)
﻿2022-08-07 21:45:12;ACTION;begin accum Drawing Tool (CO_CommandManager.cpp,241)
﻿2022-08-07 21:45:12;ACTION;end accum (CO_CommandManager.cpp,325)
﻿2022-08-07 21:45:12;ACTION;begin accum  (CO_CommandManager.cpp,241)
﻿2022-08-07 21:45:12;ACTION;end accum (CO_CommandManager.cpp,325)
﻿2022-08-07 21:45:12;ACTION;end accum (CO_CommandManager.cpp,325)
﻿2022-08-07 21:45:12;ACTION;begin accum Drawing Tool (CO_CommandManager.cpp,241)
﻿2022-08-07 21:45:12;ACTION;end accum (CO_CommandManager.cpp,325)
﻿2022-08-07 21:45:12;ACTION;begin accum  (CO_CommandManager.cpp,241)
﻿2022-08-07 21:45:12;ACTION;end accum (CO_CommandManager.cpp,325)
﻿2022-08-07 21:45:12;ACTION;end accum (CO_CommandManager.cpp,325)
﻿2022-08-07 21:45:13;ACTION;begin accum Drawing Tool (CO_CommandManager.cpp,241)
﻿2022-08-07 21:45:13;ACTION;end accum (CO_CommandManager.cpp,325)
﻿2022-08-07 21:45:13;ACTION;begin accum  (CO_CommandManager.cpp,241)
﻿2022-08-07 21:45:13;ACTION;end accum (CO_CommandManager.cpp,325)
﻿2022-08-07 21:45:13;ACTION;end accum (CO_CommandManager.cpp,325)
﻿2022-08-07 21:45:13;ACTION;begin accum Drawing Tool (CO_CommandManager.cpp,241)
﻿2022-08-07 21:45:13;ACTION;end accum (CO_CommandManager.cpp,325)
﻿2022-08-07 21:45:13;ACTION;begin accum  (CO_CommandManager.cpp,241)
﻿2022-08-07 21:45:13;ACTION;end accum (CO_CommandManager.cpp,325)
﻿2022-08-07 21:45:13;ACTION;end accum (CO_CommandManager.cpp,325)
﻿2022-08-07 21:45:14;ACTION;begin accum Drawing Tool (CO_CommandManager.cpp,241)
﻿2022-08-07 21:45:14;ACTION;end accum (CO_CommandManager.cpp,325)
﻿2022-08-07 21:45:14;ACTION;begin accum  (CO_CommandManager.cpp,241)
﻿2022-08-07 21:45:14;ACTION;end accum (CO_CommandManager.cpp,325)
﻿2022-08-07 21:45:14;ACTION;end accum (CO_CommandManager.cpp,325)
﻿2022-08-07 21:45:19;ACTION;begin accum Add Panel (CO_CommandManager.cpp,241)
﻿2022-08-07 21:45:19;ACTION;end accum (CO_CommandManager.cpp,325)
﻿2022-08-07 21:45:19;ACTION;end accum (CO_CommandManager.cpp,325)
﻿2022-08-07 21:45:24;ACTION;Start unexecute depth 1 (CO_CommandManager.cpp,580)
﻿  2022-08-07 21:45:24;ACTION;Start execute Add Panel  (class CO_Command * __ptr64) (CO_CommandManager.cpp,594)
﻿  2022-08-07 21:45:24;ACTION;End execute Add Panel  (class CO_Command * __ptr64) (CO_CommandManager.cpp,594)
﻿2022-08-07 21:45:24;ACTION;End unexecute depth 1 (CO_CommandManager.cpp,580)
﻿2022-08-07 21:45:26;ACTION;begin accum Drawing Tool (CO_CommandManager.cpp,241)
﻿2022-08-07 21:45:26;ACTION;end accum (CO_CommandManager.cpp,325)
﻿2022-08-07 21:45:26;ACTION;begin accum  (CO_CommandManager.cpp,241)
﻿2022-08-07 21:45:26;ACTION;end accum (CO_CommandManager.cpp,325)
﻿2022-08-07 21:45:26;ACTION;end accum (CO_CommandManager.cpp,325)
﻿2022-08-07 21:45:27;ACTION;Start unexecute depth 1 (CO_CommandManager.cpp,580)
﻿  2022-08-07 21:45:27;ACTION;Start execute Brush Tool  (class CO_Command * __ptr64) (CO_CommandManager.cpp,594)
﻿  2022-08-07 21:45:27;ACTION;End execute Brush Tool  (class CO_Command * __ptr64) (CO_CommandManager.cpp,594)
﻿2022-08-07 21:45:27;ACTION;End unexecute depth 1 (CO_CommandManager.cpp,580)
﻿2022-08-07 21:45:40;ACTION;begin accum Add Panel (CO_CommandManager.cpp,241)
﻿2022-08-07 21:45:40;ACTION;end accum (CO_CommandManager.cpp,325)
﻿2022-08-07 21:45:40;ACTION;end accum (CO_CommandManager.cpp,325)
﻿2022-08-07 21:46:18;ACTION;begin accum Modify Panel Duration (CO_CommandManager.cpp,241)
﻿2022-08-07 21:46:18;ACTION;end accum (CO_CommandManager.cpp,325)
﻿2022-08-07 21:46:18;ACTION;end accum (CO_CommandManager.cpp,325)
﻿2022-08-07 21:46:18;ACTION;end accum (CO_CommandManager.cpp,325)
﻿2022-08-07 21:46:18;ACTION;end accum (CO_CommandManager.cpp,325)
﻿2022-08-07 21:46:28;ACTION;begin accum Modify Panel Duration (CO_CommandManager.cpp,241)
﻿2022-08-07 21:46:28;ACTION;end accum (CO_CommandManager.cpp,325)
﻿2022-08-07 21:46:28;ACTION;end accum (CO_CommandManager.cpp,325)
﻿2022-08-07 21:46:28;ACTION;end accum (CO_CommandManager.cpp,325)
﻿2022-08-07 21:46:28;ACTION;end accum (CO_CommandManager.cpp,325)
﻿2022-08-07 21:46:43;ACTION;begin accum Create Drawing (CO_CommandManager.cpp,241)
﻿2022-08-07 21:46:43;ACTION;end accum (CO_CommandManager.cpp,325)
﻿2022-08-07 21:46:43;ACTION;end accum (CO_CommandManager.cpp,325)
﻿2022-08-07 21:46:43;ACTION;end accum (CO_CommandManager.cpp,325)
﻿2022-08-07 21:46:44;ACTION;begin accum Drawing Tool (CO_CommandManager.cpp,241)
﻿2022-08-07 21:46:44;ACTION;end accum (CO_CommandManager.cpp,325)
﻿2022-08-07 21:46:44;ACTION;begin accum  (CO_CommandManager.cpp,241)
﻿2022-08-07 21:46:44;ACTION;end accum (CO_CommandManager.cpp,325)
﻿2022-08-07 21:46:44;ACTION;end accum (CO_CommandManager.cpp,325)
﻿2022-08-07 21:46:44;ACTION;begin accum Drawing Tool (CO_CommandManager.cpp,241)
﻿2022-08-07 21:46:44;ACTION;end accum (CO_CommandManager.cpp,325)
﻿2022-08-07 21:46:44;ACTION;begin accum  (CO_CommandManager.cpp,241)
﻿2022-08-07 21:46:44;ACTION;end accum (CO_CommandManager.cpp,325)
﻿2022-08-07 21:46:44;ACTION;end accum (CO_CommandManager.cpp,325)
﻿2022-08-07 21:46:45;ACTION;begin accum Drawing Tool (CO_CommandManager.cpp,241)
﻿2022-08-07 21:46:45;ACTION;end accum (CO_CommandManager.cpp,325)
﻿2022-08-07 21:46:45;ACTION;begin accum  (CO_CommandManager.cpp,241)
﻿2022-08-07 21:46:45;ACTION;end accum (CO_CommandManager.cpp,325)
﻿2022-08-07 21:46:45;ACTION;end accum (CO_CommandManager.cpp,325)
﻿2022-08-07 21:46:45;ACTION;begin accum Drawing Tool (CO_CommandManager.cpp,241)
﻿2022-08-07 21:46:45;ACTION;end accum (CO_CommandManager.cpp,325)
﻿2022-08-07 21:46:45;ACTION;begin accum  (CO_CommandManager.cpp,241)
﻿2022-08-07 21:46:45;ACTION;end accum (CO_CommandManager.cpp,325)
﻿2022-08-07 21:46:45;ACTION;end accum (CO_CommandManager.cpp,325)
﻿2022-08-07 21:46:45;ACTION;begin accum Drawing Tool (CO_CommandManager.cpp,241)
﻿2022-08-07 21:46:45;ACTION;end accum (CO_CommandManager.cpp,325)
﻿2022-08-07 21:46:45;ACTION;begin accum  (CO_CommandManager.cpp,241)
﻿2022-08-07 21:46:45;ACTION;end accum (CO_CommandManager.cpp,325)
﻿2022-08-07 21:46:45;ACTION;end accum (CO_CommandManager.cpp,325)
﻿2022-08-07 21:46:47;ACTION;begin accum Drawing Tool (CO_CommandManager.cpp,241)
﻿2022-08-07 21:46:47;ACTION;end accum (CO_CommandManager.cpp,325)
﻿2022-08-07 21:46:47;ACTION;begin accum  (CO_CommandManager.cpp,241)
﻿2022-08-07 21:46:47;ACTION;end accum (CO_CommandManager.cpp,325)
﻿2022-08-07 21:46:47;ACTION;end accum (CO_CommandManager.cpp,325)
﻿2022-08-07 21:46:53;ACTION;begin accum Drawing Tool (CO_CommandManager.cpp,241)
﻿2022-08-07 21:46:53;ACTION;end accum (CO_CommandManager.cpp,325)
﻿2022-08-07 21:46:53;ACTION;begin accum  (CO_CommandManager.cpp,241)
﻿2022-08-07 21:46:53;ACTION;end accum (CO_CommandManager.cpp,325)
﻿2022-08-07 21:46:53;ACTION;end accum (CO_CommandManager.cpp,325)
﻿2022-08-07 21:46:53;ACTION;begin accum Drawing Tool (CO_CommandManager.cpp,241)
﻿2022-08-07 21:46:53;ACTION;end accum (CO_CommandManager.cpp,325)
﻿2022-08-07 21:46:53;ACTION;begin accum  (CO_CommandManager.cpp,241)
﻿2022-08-07 21:46:53;ACTION;end accum (CO_CommandManager.cpp,325)
﻿2022-08-07 21:46:53;ACTION;end accum (CO_CommandManager.cpp,325)
﻿2022-08-07 21:46:56;ACTION;begin accum Add Panel (CO_CommandManager.cpp,241)
﻿2022-08-07 21:46:56;ACTION;end accum (CO_CommandManager.cpp,325)
﻿2022-08-07 21:46:56;ACTION;end accum (CO_CommandManager.cpp,325)
﻿2022-08-07 21:47:34;Delete;C:/Users/GANYMEDE/AppData/Roaming/Toon Boom Animation/Toon Boom Storyboard Pro/full-17100-pref/Storyboard Pro-pref.xml~; OK 
﻿2022-08-07 21:47:34;Rename;C:/Users/GANYMEDE/AppData/Roaming/Toon Boom Animation/Toon Boom Storyboard Pro/full-17100-pref/Storyboard Pro-pref.xml;Storyboard Pro-pref.xml~ OK 
﻿2022-08-07 21:47:34;Rename;C:/Users/GANYMEDE/AppData/Roaming/Toon Boom Animation/Toon Boom Storyboard Pro/full-17100-pref/Storyboard Pro-pref.xml+;Storyboard Pro-pref.xml OK 
﻿2022-08-07 22:11:45;ACTION;begin accum Modify Panel Duration (CO_CommandManager.cpp,241)
﻿2022-08-07 22:11:45;ACTION;end accum (CO_CommandManager.cpp,325)
﻿2022-08-07 22:11:45;ACTION;end accum (CO_CommandManager.cpp,325)
﻿2022-08-07 22:11:45;ACTION;end accum (CO_CommandManager.cpp,325)
﻿2022-08-07 22:11:45;ACTION;end accum (CO_CommandManager.cpp,325)
﻿2022-08-07 22:11:50;ACTION;begin accum Create Drawing (CO_CommandManager.cpp,241)
﻿2022-08-07 22:11:50;ACTION;end accum (CO_CommandManager.cpp,325)
﻿2022-08-07 22:11:50;ACTION;end accum (CO_CommandManager.cpp,325)
﻿2022-08-07 22:11:50;ACTION;end accum (CO_CommandManager.cpp,325)
﻿2022-08-07 22:11:50;ACTION;begin accum Drawing Tool (CO_CommandManager.cpp,241)
﻿2022-08-07 22:11:50;ACTION;end accum (CO_CommandManager.cpp,325)
﻿2022-08-07 22:11:50;ACTION;begin accum  (CO_CommandManager.cpp,241)
﻿2022-08-07 22:11:50;ACTION;end accum (CO_CommandManager.cpp,325)
﻿2022-08-07 22:11:50;ACTION;end accum (CO_CommandManager.cpp,325)
﻿2022-08-07 22:11:51;ACTION;begin accum Drawing Tool (CO_CommandManager.cpp,241)
﻿2022-08-07 22:11:51;ACTION;end accum (CO_CommandManager.cpp,325)
﻿2022-08-07 22:11:51;ACTION;begin accum  (CO_CommandManager.cpp,241)
﻿2022-08-07 22:11:51;ACTION;end accum (CO_CommandManager.cpp,325)
﻿2022-08-07 22:11:51;ACTION;end accum (CO_CommandManager.cpp,325)
﻿2022-08-07 22:11:52;ACTION;begin accum Drawing Tool (CO_CommandManager.cpp,241)
﻿2022-08-07 22:11:52;ACTION;end accum (CO_CommandManager.cpp,325)
﻿2022-08-07 22:11:52;ACTION;begin accum  (CO_CommandManager.cpp,241)
﻿2022-08-07 22:11:52;ACTION;end accum (CO_CommandManager.cpp,325)
﻿2022-08-07 22:11:52;ACTION;end accum (CO_CommandManager.cpp,325)
﻿2022-08-07 22:11:53;ACTION;begin accum Drawing Tool (CO_CommandManager.cpp,241)
﻿2022-08-07 22:11:53;ACTION;end accum (CO_CommandManager.cpp,325)
﻿2022-08-07 22:11:53;ACTION;begin accum  (CO_CommandManager.cpp,241)
﻿2022-08-07 22:11:53;ACTION;end accum (CO_CommandManager.cpp,325)
﻿2022-08-07 22:11:53;ACTION;end accum (CO_CommandManager.cpp,325)
﻿2022-08-07 22:11:54;ACTION;begin accum Drawing Tool (CO_CommandManager.cpp,241)
﻿2022-08-07 22:11:54;ACTION;end accum (CO_CommandManager.cpp,325)
﻿2022-08-07 22:11:54;ACTION;begin accum  (CO_CommandManager.cpp,241)
﻿2022-08-07 22:11:54;ACTION;end accum (CO_CommandManager.cpp,325)
﻿2022-08-07 22:11:54;ACTION;end accum (CO_CommandManager.cpp,325)
﻿2022-08-07 22:11:59;ACTION;begin accum Add Panel (CO_CommandManager.cpp,241)
﻿2022-08-07 22:11:59;ACTION;end accum (CO_CommandManager.cpp,325)
﻿2022-08-07 22:11:59;ACTION;end accum (CO_CommandManager.cpp,325)
﻿2022-08-07 22:12:00;ACTION;begin accum Create Drawing (CO_CommandManager.cpp,241)
﻿2022-08-07 22:12:00;ACTION;end accum (CO_CommandManager.cpp,325)
﻿2022-08-07 22:12:00;ACTION;end accum (CO_CommandManager.cpp,325)
﻿2022-08-07 22:12:00;ACTION;end accum (CO_CommandManager.cpp,325)
﻿2022-08-07 22:12:01;ACTION;begin accum Drawing Tool (CO_CommandManager.cpp,241)
﻿2022-08-07 22:12:01;ACTION;end accum (CO_CommandManager.cpp,325)
﻿2022-08-07 22:12:01;ACTION;begin accum  (CO_CommandManager.cpp,241)
﻿2022-08-07 22:12:01;ACTION;end accum (CO_CommandManager.cpp,325)
﻿2022-08-07 22:12:01;ACTION;end accum (CO_CommandManager.cpp,325)
﻿2022-08-07 22:12:01;ACTION;begin accum Drawing Tool (CO_CommandManager.cpp,241)
﻿2022-08-07 22:12:01;ACTION;end accum (CO_CommandManager.cpp,325)
﻿2022-08-07 22:12:01;ACTION;begin accum  (CO_CommandManager.cpp,241)
﻿2022-08-07 22:12:01;ACTION;end accum (CO_CommandManager.cpp,325)
﻿2022-08-07 22:12:01;ACTION;end accum (CO_CommandManager.cpp,325)
﻿2022-08-07 22:12:01;ACTION;begin accum Drawing Tool (CO_CommandManager.cpp,241)
﻿2022-08-07 22:12:01;ACTION;end accum (CO_CommandManager.cpp,325)
﻿2022-08-07 22:12:01;ACTION;begin accum  (CO_CommandManager.cpp,241)
﻿2022-08-07 22:12:01;ACTION;end accum (CO_CommandManager.cpp,325)
﻿2022-08-07 22:12:01;ACTION;end accum (CO_CommandManager.cpp,325)
﻿2022-08-07 22:12:01;ACTION;begin accum Drawing Tool (CO_CommandManager.cpp,241)
﻿2022-08-07 22:12:01;ACTION;end accum (CO_CommandManager.cpp,325)
﻿2022-08-07 22:12:01;ACTION;begin accum  (CO_CommandManager.cpp,241)
﻿2022-08-07 22:12:01;ACTION;end accum (CO_CommandManager.cpp,325)
﻿2022-08-07 22:12:01;ACTION;end accum (CO_CommandManager.cpp,325)
﻿2022-08-07 22:12:02;ACTION;begin accum Drawing Tool (CO_CommandManager.cpp,241)
﻿2022-08-07 22:12:02;ACTION;end accum (CO_CommandManager.cpp,325)
﻿2022-08-07 22:12:02;ACTION;begin accum  (CO_CommandManager.cpp,241)
﻿2022-08-07 22:12:02;ACTION;end accum (CO_CommandManager.cpp,325)
﻿2022-08-07 22:12:02;ACTION;end accum (CO_CommandManager.cpp,325)
﻿2022-08-07 22:12:02;ACTION;begin accum Drawing Tool (CO_CommandManager.cpp,241)
﻿2022-08-07 22:12:02;ACTION;end accum (CO_CommandManager.cpp,325)
﻿2022-08-07 22:12:02;ACTION;begin accum  (CO_CommandManager.cpp,241)
﻿2022-08-07 22:12:02;ACTION;end accum (CO_CommandManager.cpp,325)
﻿2022-08-07 22:12:02;ACTION;end accum (CO_CommandManager.cpp,325)
﻿2022-08-07 22:12:03;ACTION;begin accum Drawing Tool (CO_CommandManager.cpp,241)
﻿2022-08-07 22:12:03;ACTION;end accum (CO_CommandManager.cpp,325)
﻿2022-08-07 22:12:03;ACTION;begin accum  (CO_CommandManager.cpp,241)
﻿2022-08-07 22:12:03;ACTION;end accum (CO_CommandManager.cpp,325)
﻿2022-08-07 22:12:03;ACTION;end accum (CO_CommandManager.cpp,325)
﻿2022-08-07 22:12:04;ACTION;begin accum Drawing Tool (CO_CommandManager.cpp,241)
﻿2022-08-07 22:12:04;ACTION;end accum (CO_CommandManager.cpp,325)
﻿2022-08-07 22:12:04;ACTION;begin accum  (CO_CommandManager.cpp,241)
﻿2022-08-07 22:12:04;ACTION;end accum (CO_CommandManager.cpp,325)
﻿2022-08-07 22:12:04;ACTION;end accum (CO_CommandManager.cpp,325)
﻿2022-08-07 22:12:05;ACTION;begin accum Drawing Tool (CO_CommandManager.cpp,241)
﻿2022-08-07 22:12:05;ACTION;end accum (CO_CommandManager.cpp,325)
﻿2022-08-07 22:12:05;ACTION;begin accum  (CO_CommandManager.cpp,241)
﻿2022-08-07 22:12:05;ACTION;end accum (CO_CommandManager.cpp,325)
﻿2022-08-07 22:12:05;ACTION;end accum (CO_CommandManager.cpp,325)
﻿2022-08-07 22:12:05;ACTION;begin accum Drawing Tool (CO_CommandManager.cpp,241)
﻿2022-08-07 22:12:05;ACTION;end accum (CO_CommandManager.cpp,325)
﻿2022-08-07 22:12:05;ACTION;begin accum  (CO_CommandManager.cpp,241)
﻿2022-08-07 22:12:05;ACTION;end accum (CO_CommandManager.cpp,325)
﻿2022-08-07 22:12:05;ACTION;end accum (CO_CommandManager.cpp,325)
﻿2022-08-07 22:12:07;ACTION;begin accum Add Panel (CO_CommandManager.cpp,241)
﻿2022-08-07 22:12:07;ACTION;end accum (CO_CommandManager.cpp,325)
﻿2022-08-07 22:12:07;ACTION;end accum (CO_CommandManager.cpp,325)
﻿2022-08-07 22:12:08;ACTION;begin accum Create Drawing (CO_CommandManager.cpp,241)
﻿2022-08-07 22:12:08;ACTION;end accum (CO_CommandManager.cpp,325)
﻿2022-08-07 22:12:08;ACTION;end accum (CO_CommandManager.cpp,325)
﻿2022-08-07 22:12:08;ACTION;end accum (CO_CommandManager.cpp,325)
﻿2022-08-07 22:12:08;ACTION;begin accum Drawing Tool (CO_CommandManager.cpp,241)
﻿2022-08-07 22:12:08;ACTION;end accum (CO_CommandManager.cpp,325)
﻿2022-08-07 22:12:08;ACTION;begin accum  (CO_CommandManager.cpp,241)
﻿2022-08-07 22:12:08;ACTION;end accum (CO_CommandManager.cpp,325)
﻿2022-08-07 22:12:08;ACTION;end accum (CO_CommandManager.cpp,325)
﻿2022-08-07 22:12:10;ACTION;begin accum Drawing Tool (CO_CommandManager.cpp,241)
﻿2022-08-07 22:12:10;ACTION;end accum (CO_CommandManager.cpp,325)
﻿2022-08-07 22:12:10;ACTION;begin accum  (CO_CommandManager.cpp,241)
﻿2022-08-07 22:12:10;ACTION;end accum (CO_CommandManager.cpp,325)
﻿2022-08-07 22:12:10;ACTION;end accum (CO_CommandManager.cpp,325)
﻿2022-08-07 22:12:11;ACTION;begin accum Drawing Tool (CO_CommandManager.cpp,241)
﻿2022-08-07 22:12:11;ACTION;end accum (CO_CommandManager.cpp,325)
﻿2022-08-07 22:12:11;ACTION;begin accum  (CO_CommandManager.cpp,241)
﻿2022-08-07 22:12:11;ACTION;end accum (CO_CommandManager.cpp,325)
﻿2022-08-07 22:12:11;ACTION;end accum (CO_CommandManager.cpp,325)
﻿2022-08-07 22:12:12;ACTION;begin accum Drawing Tool (CO_CommandManager.cpp,241)
﻿2022-08-07 22:12:12;ACTION;end accum (CO_CommandManager.cpp,325)
﻿2022-08-07 22:12:12;ACTION;begin accum  (CO_CommandManager.cpp,241)
﻿2022-08-07 22:12:12;ACTION;end accum (CO_CommandManager.cpp,325)
﻿2022-08-07 22:12:12;ACTION;end accum (CO_CommandManager.cpp,325)
﻿2022-08-07 22:12:12;ACTION;begin accum Drawing Tool (CO_CommandManager.cpp,241)
﻿2022-08-07 22:12:12;ACTION;end accum (CO_CommandManager.cpp,325)
﻿2022-08-07 22:12:12;ACTION;begin accum  (CO_CommandManager.cpp,241)
﻿2022-08-07 22:12:12;ACTION;end accum (CO_CommandManager.cpp,325)
﻿2022-08-07 22:12:12;ACTION;end accum (CO_CommandManager.cpp,325)
﻿2022-08-07 22:12:13;ACTION;begin accum Add Panel (CO_CommandManager.cpp,241)
﻿2022-08-07 22:12:13;ACTION;end accum (CO_CommandManager.cpp,325)
﻿2022-08-07 22:12:13;ACTION;end accum (CO_CommandManager.cpp,325)
﻿2022-08-07 22:12:15;ACTION;begin accum Create Drawing (CO_CommandManager.cpp,241)
﻿2022-08-07 22:12:15;ACTION;end accum (CO_CommandManager.cpp,325)
﻿2022-08-07 22:12:15;ACTION;end accum (CO_CommandManager.cpp,325)
﻿2022-08-07 22:12:15;ACTION;end accum (CO_CommandManager.cpp,325)
﻿2022-08-07 22:12:15;ACTION;begin accum Drawing Tool (CO_CommandManager.cpp,241)
﻿2022-08-07 22:12:15;ACTION;end accum (CO_CommandManager.cpp,325)
﻿2022-08-07 22:12:15;ACTION;begin accum  (CO_CommandManager.cpp,241)
﻿2022-08-07 22:12:15;ACTION;end accum (CO_CommandManager.cpp,325)
﻿2022-08-07 22:12:15;ACTION;end accum (CO_CommandManager.cpp,325)
﻿2022-08-07 22:12:17;ACTION;begin accum Drawing Tool (CO_CommandManager.cpp,241)
﻿2022-08-07 22:12:17;ACTION;end accum (CO_CommandManager.cpp,325)
﻿2022-08-07 22:12:17;ACTION;begin accum  (CO_CommandManager.cpp,241)
﻿2022-08-07 22:12:17;ACTION;end accum (CO_CommandManager.cpp,325)
﻿2022-08-07 22:12:17;ACTION;end accum (CO_CommandManager.cpp,325)
﻿2022-08-07 22:12:18;ACTION;begin accum Drawing Tool (CO_CommandManager.cpp,241)
﻿2022-08-07 22:12:18;ACTION;end accum (CO_CommandManager.cpp,325)
﻿2022-08-07 22:12:18;ACTION;begin accum  (CO_CommandManager.cpp,241)
﻿2022-08-07 22:12:18;ACTION;end accum (CO_CommandManager.cpp,325)
﻿2022-08-07 22:12:18;ACTION;end accum (CO_CommandManager.cpp,325)
﻿2022-08-07 22:12:18;ACTION;begin accum Drawing Tool (CO_CommandManager.cpp,241)
﻿2022-08-07 22:12:18;ACTION;end accum (CO_CommandManager.cpp,325)
﻿2022-08-07 22:12:18;ACTION;begin accum  (CO_CommandManager.cpp,241)
﻿2022-08-07 22:12:18;ACTION;end accum (CO_CommandManager.cpp,325)
﻿2022-08-07 22:12:18;ACTION;end accum (CO_CommandManager.cpp,325)
﻿2022-08-07 22:12:18;ACTION;begin accum Drawing Tool (CO_CommandManager.cpp,241)
﻿2022-08-07 22:12:18;ACTION;end accum (CO_CommandManager.cpp,325)
﻿2022-08-07 22:12:18;ACTION;begin accum  (CO_CommandManager.cpp,241)
﻿2022-08-07 22:12:18;ACTION;end accum (CO_CommandManager.cpp,325)
﻿2022-08-07 22:12:18;ACTION;end accum (CO_CommandManager.cpp,325)
﻿2022-08-07 22:12:20;ACTION;begin accum Drawing Tool (CO_CommandManager.cpp,241)
﻿2022-08-07 22:12:20;ACTION;end accum (CO_CommandManager.cpp,325)
﻿2022-08-07 22:12:20;ACTION;begin accum  (CO_CommandManager.cpp,241)
﻿2022-08-07 22:12:20;ACTION;end accum (CO_CommandManager.cpp,325)
﻿2022-08-07 22:12:20;ACTION;end accum (CO_CommandManager.cpp,325)
﻿2022-08-07 22:12:21;ACTION;begin accum Drawing Tool (CO_CommandManager.cpp,241)
﻿2022-08-07 22:12:21;ACTION;end accum (CO_CommandManager.cpp,325)
﻿2022-08-07 22:12:21;ACTION;begin accum  (CO_CommandManager.cpp,241)
﻿2022-08-07 22:12:21;ACTION;end accum (CO_CommandManager.cpp,325)
﻿2022-08-07 22:12:21;ACTION;end accum (CO_CommandManager.cpp,325)
﻿2022-08-07 22:12:22;ACTION;begin accum Drawing Tool (CO_CommandManager.cpp,241)
﻿2022-08-07 22:12:22;ACTION;end accum (CO_CommandManager.cpp,325)
﻿2022-08-07 22:12:22;ACTION;begin accum  (CO_CommandManager.cpp,241)
﻿2022-08-07 22:12:22;ACTION;end accum (CO_CommandManager.cpp,325)
﻿2022-08-07 22:12:22;ACTION;end accum (CO_CommandManager.cpp,325)
﻿2022-08-07 22:12:24;ACTION;begin accum Add Panel (CO_CommandManager.cpp,241)
﻿2022-08-07 22:12:24;ACTION;end accum (CO_CommandManager.cpp,325)
﻿2022-08-07 22:12:24;ACTION;end accum (CO_CommandManager.cpp,325)
﻿2022-08-07 22:12:37;ACTION;begin accum Create Drawing (CO_CommandManager.cpp,241)
﻿2022-08-07 22:12:37;ACTION;end accum (CO_CommandManager.cpp,325)
﻿2022-08-07 22:12:37;ACTION;end accum (CO_CommandManager.cpp,325)
﻿2022-08-07 22:12:37;ACTION;end accum (CO_CommandManager.cpp,325)
﻿2022-08-07 22:12:38;ACTION;begin accum Drawing Tool (CO_CommandManager.cpp,241)
﻿2022-08-07 22:12:38;ACTION;end accum (CO_CommandManager.cpp,325)
﻿2022-08-07 22:12:38;ACTION;begin accum  (CO_CommandManager.cpp,241)
﻿2022-08-07 22:12:38;ACTION;end accum (CO_CommandManager.cpp,325)
﻿2022-08-07 22:12:38;ACTION;end accum (CO_CommandManager.cpp,325)
﻿2022-08-07 22:12:38;ACTION;begin accum Drawing Tool (CO_CommandManager.cpp,241)
﻿2022-08-07 22:12:38;ACTION;end accum (CO_CommandManager.cpp,325)
﻿2022-08-07 22:12:38;ACTION;begin accum  (CO_CommandManager.cpp,241)
﻿2022-08-07 22:12:38;ACTION;end accum (CO_CommandManager.cpp,325)
﻿2022-08-07 22:12:38;ACTION;end accum (CO_CommandManager.cpp,325)
﻿2022-08-07 22:12:39;ACTION;begin accum Drawing Tool (CO_CommandManager.cpp,241)
﻿2022-08-07 22:12:39;ACTION;end accum (CO_CommandManager.cpp,325)
﻿2022-08-07 22:12:39;ACTION;begin accum  (CO_CommandManager.cpp,241)
﻿2022-08-07 22:12:39;ACTION;end accum (CO_CommandManager.cpp,325)
﻿2022-08-07 22:12:39;ACTION;end accum (CO_CommandManager.cpp,325)
﻿2022-08-07 22:12:39;ACTION;begin accum Drawing Tool (CO_CommandManager.cpp,241)
﻿2022-08-07 22:12:39;ACTION;end accum (CO_CommandManager.cpp,325)
﻿2022-08-07 22:12:39;ACTION;begin accum  (CO_CommandManager.cpp,241)
﻿2022-08-07 22:12:39;ACTION;end accum (CO_CommandManager.cpp,325)
﻿2022-08-07 22:12:39;ACTION;end accum (CO_CommandManager.cpp,325)
﻿2022-08-07 22:12:39;ACTION;begin accum Drawing Tool (CO_CommandManager.cpp,241)
﻿2022-08-07 22:12:39;ACTION;end accum (CO_CommandManager.cpp,325)
﻿2022-08-07 22:12:39;ACTION;begin accum  (CO_CommandManager.cpp,241)
﻿2022-08-07 22:12:39;ACTION;end accum (CO_CommandManager.cpp,325)
﻿2022-08-07 22:12:39;ACTION;end accum (CO_CommandManager.cpp,325)
﻿2022-08-07 22:12:40;ACTION;begin accum Drawing Tool (CO_CommandManager.cpp,241)
﻿2022-08-07 22:12:40;ACTION;end accum (CO_CommandManager.cpp,325)
﻿2022-08-07 22:12:40;ACTION;begin accum  (CO_CommandManager.cpp,241)
﻿2022-08-07 22:12:40;ACTION;end accum (CO_CommandManager.cpp,325)
﻿2022-08-07 22:12:40;ACTION;end accum (CO_CommandManager.cpp,325)
﻿2022-08-07 22:12:41;ACTION;begin accum Drawing Tool (CO_CommandManager.cpp,241)
﻿2022-08-07 22:12:41;ACTION;end accum (CO_CommandManager.cpp,325)
﻿2022-08-07 22:12:41;ACTION;begin accum  (CO_CommandManager.cpp,241)
﻿2022-08-07 22:12:41;ACTION;end accum (CO_CommandManager.cpp,325)
﻿2022-08-07 22:12:41;ACTION;end accum (CO_CommandManager.cpp,325)
﻿2022-08-07 22:12:41;ACTION;begin accum Drawing Tool (CO_CommandManager.cpp,241)
﻿2022-08-07 22:12:41;ACTION;end accum (CO_CommandManager.cpp,325)
﻿2022-08-07 22:12:41;ACTION;begin accum  (CO_CommandManager.cpp,241)
﻿2022-08-07 22:12:41;ACTION;end accum (CO_CommandManager.cpp,325)
﻿2022-08-07 22:12:41;ACTION;end accum (CO_CommandManager.cpp,325)
﻿2022-08-07 22:12:43;ACTION;begin accum Add Panel (CO_CommandManager.cpp,241)
﻿2022-08-07 22:12:43;ACTION;end accum (CO_CommandManager.cpp,325)
﻿2022-08-07 22:12:43;ACTION;end accum (CO_CommandManager.cpp,325)
﻿2022-08-07 22:12:44;ACTION;begin accum Create Drawing (CO_CommandManager.cpp,241)
﻿2022-08-07 22:12:44;ACTION;end accum (CO_CommandManager.cpp,325)
﻿2022-08-07 22:12:44;ACTION;end accum (CO_CommandManager.cpp,325)
﻿2022-08-07 22:12:44;ACTION;end accum (CO_CommandManager.cpp,325)
﻿2022-08-07 22:12:44;ACTION;begin accum Drawing Tool (CO_CommandManager.cpp,241)
﻿2022-08-07 22:12:44;ACTION;end accum (CO_CommandManager.cpp,325)
﻿2022-08-07 22:12:44;ACTION;begin accum  (CO_CommandManager.cpp,241)
﻿2022-08-07 22:12:44;ACTION;end accum (CO_CommandManager.cpp,325)
﻿2022-08-07 22:12:44;ACTION;end accum (CO_CommandManager.cpp,325)
﻿2022-08-07 22:12:46;ACTION;begin accum Drawing Tool (CO_CommandManager.cpp,241)
﻿2022-08-07 22:12:46;ACTION;end accum (CO_CommandManager.cpp,325)
﻿2022-08-07 22:12:46;ACTION;begin accum  (CO_CommandManager.cpp,241)
﻿2022-08-07 22:12:46;ACTION;end accum (CO_CommandManager.cpp,325)
﻿2022-08-07 22:12:46;ACTION;end accum (CO_CommandManager.cpp,325)
﻿2022-08-07 22:12:47;ACTION;begin accum Drawing Tool (CO_CommandManager.cpp,241)
﻿2022-08-07 22:12:47;ACTION;end accum (CO_CommandManager.cpp,325)
﻿2022-08-07 22:12:47;ACTION;begin accum  (CO_CommandManager.cpp,241)
﻿2022-08-07 22:12:47;ACTION;end accum (CO_CommandManager.cpp,325)
﻿2022-08-07 22:12:47;ACTION;end accum (CO_CommandManager.cpp,325)
﻿2022-08-07 22:12:48;ACTION;begin accum Drawing Tool (CO_CommandManager.cpp,241)
﻿2022-08-07 22:12:48;ACTION;end accum (CO_CommandManager.cpp,325)
﻿2022-08-07 22:12:48;ACTION;begin accum  (CO_CommandManager.cpp,241)
﻿2022-08-07 22:12:48;ACTION;end accum (CO_CommandManager.cpp,325)
﻿2022-08-07 22:12:48;ACTION;end accum (CO_CommandManager.cpp,325)
﻿2022-08-07 22:12:48;ACTION;begin accum Drawing Tool (CO_CommandManager.cpp,241)
﻿2022-08-07 22:12:48;ACTION;end accum (CO_CommandManager.cpp,325)
﻿2022-08-07 22:12:48;ACTION;begin accum  (CO_CommandManager.cpp,241)
﻿2022-08-07 22:12:48;ACTION;end accum (CO_CommandManager.cpp,325)
﻿2022-08-07 22:12:48;ACTION;end accum (CO_CommandManager.cpp,325)
﻿2022-08-07 22:12:51;ACTION;begin accum Drawing Tool (CO_CommandManager.cpp,241)
﻿2022-08-07 22:12:51;ACTION;end accum (CO_CommandManager.cpp,325)
﻿2022-08-07 22:12:51;ACTION;begin accum  (CO_CommandManager.cpp,241)
﻿2022-08-07 22:12:51;ACTION;end accum (CO_CommandManager.cpp,325)
﻿2022-08-07 22:12:51;ACTION;end accum (CO_CommandManager.cpp,325)
﻿2022-08-07 22:12:56;ACTION;begin accum Drawing Tool (CO_CommandManager.cpp,241)
﻿2022-08-07 22:12:56;ACTION;end accum (CO_CommandManager.cpp,325)
﻿2022-08-07 22:12:56;ACTION;begin accum  (CO_CommandManager.cpp,241)
﻿2022-08-07 22:12:56;ACTION;end accum (CO_CommandManager.cpp,325)
﻿2022-08-07 22:12:56;ACTION;end accum (CO_CommandManager.cpp,325)
﻿2022-08-07 22:12:58;ACTION;begin accum Add Panel (CO_CommandManager.cpp,241)
﻿2022-08-07 22:12:58;ACTION;end accum (CO_CommandManager.cpp,325)
﻿2022-08-07 22:12:58;ACTION;end accum (CO_CommandManager.cpp,325)
﻿2022-08-07 22:12:59;ACTION;begin accum Create Drawing (CO_CommandManager.cpp,241)
﻿2022-08-07 22:12:59;ACTION;end accum (CO_CommandManager.cpp,325)
﻿2022-08-07 22:12:59;ACTION;end accum (CO_CommandManager.cpp,325)
﻿2022-08-07 22:12:59;ACTION;end accum (CO_CommandManager.cpp,325)
﻿2022-08-07 22:13:00;ACTION;begin accum Drawing Tool (CO_CommandManager.cpp,241)
﻿2022-08-07 22:13:00;ACTION;end accum (CO_CommandManager.cpp,325)
﻿2022-08-07 22:13:00;ACTION;begin accum  (CO_CommandManager.cpp,241)
﻿2022-08-07 22:13:00;ACTION;end accum (CO_CommandManager.cpp,325)
﻿2022-08-07 22:13:00;ACTION;end accum (CO_CommandManager.cpp,325)
﻿2022-08-07 22:13:01;ACTION;begin accum Drawing Tool (CO_CommandManager.cpp,241)
﻿2022-08-07 22:13:01;ACTION;end accum (CO_CommandManager.cpp,325)
﻿2022-08-07 22:13:01;ACTION;begin accum  (CO_CommandManager.cpp,241)
﻿2022-08-07 22:13:01;ACTION;end accum (CO_CommandManager.cpp,325)
﻿2022-08-07 22:13:01;ACTION;end accum (CO_CommandManager.cpp,325)
﻿2022-08-07 22:13:02;ACTION;begin accum Drawing Tool (CO_CommandManager.cpp,241)
﻿2022-08-07 22:13:02;ACTION;end accum (CO_CommandManager.cpp,325)
﻿2022-08-07 22:13:02;ACTION;begin accum  (CO_CommandManager.cpp,241)
﻿2022-08-07 22:13:02;ACTION;end accum (CO_CommandManager.cpp,325)
﻿2022-08-07 22:13:02;ACTION;end accum (CO_CommandManager.cpp,325)
﻿2022-08-07 22:13:06;ACTION;begin accum Drawing Tool (CO_CommandManager.cpp,241)
﻿2022-08-07 22:13:06;ACTION;end accum (CO_CommandManager.cpp,325)
﻿2022-08-07 22:13:06;ACTION;begin accum  (CO_CommandManager.cpp,241)
﻿2022-08-07 22:13:06;ACTION;end accum (CO_CommandManager.cpp,325)
﻿2022-08-07 22:13:06;ACTION;end accum (CO_CommandManager.cpp,325)
﻿2022-08-07 22:13:08;ACTION;begin accum Drawing Tool (CO_CommandManager.cpp,241)
﻿2022-08-07 22:13:08;ACTION;end accum (CO_CommandManager.cpp,325)
﻿2022-08-07 22:13:08;ACTION;begin accum  (CO_CommandManager.cpp,241)
﻿2022-08-07 22:13:08;ACTION;end accum (CO_CommandManager.cpp,325)
﻿2022-08-07 22:13:08;ACTION;end accum (CO_CommandManager.cpp,325)
﻿2022-08-07 22:13:10;ACTION;begin accum Add Panel (CO_CommandManager.cpp,241)
﻿2022-08-07 22:13:10;ACTION;end accum (CO_CommandManager.cpp,325)
﻿2022-08-07 22:13:10;ACTION;end accum (CO_CommandManager.cpp,325)
﻿2022-08-07 22:13:11;ACTION;begin accum Create Drawing (CO_CommandManager.cpp,241)
﻿2022-08-07 22:13:11;ACTION;end accum (CO_CommandManager.cpp,325)
﻿2022-08-07 22:13:11;ACTION;end accum (CO_CommandManager.cpp,325)
﻿2022-08-07 22:13:11;ACTION;end accum (CO_CommandManager.cpp,325)
﻿2022-08-07 22:13:12;ACTION;begin accum Drawing Tool (CO_CommandManager.cpp,241)
﻿2022-08-07 22:13:12;ACTION;end accum (CO_CommandManager.cpp,325)
﻿2022-08-07 22:13:12;ACTION;begin accum  (CO_CommandManager.cpp,241)
﻿2022-08-07 22:13:12;ACTION;end accum (CO_CommandManager.cpp,325)
﻿2022-08-07 22:13:12;ACTION;end accum (CO_CommandManager.cpp,325)
﻿2022-08-07 22:13:13;ACTION;begin accum Drawing Tool (CO_CommandManager.cpp,241)
﻿2022-08-07 22:13:13;ACTION;end accum (CO_CommandManager.cpp,325)
﻿2022-08-07 22:13:13;ACTION;begin accum  (CO_CommandManager.cpp,241)
﻿2022-08-07 22:13:13;ACTION;end accum (CO_CommandManager.cpp,325)
﻿2022-08-07 22:13:13;ACTION;end accum (CO_CommandManager.cpp,325)
﻿2022-08-07 22:13:13;ACTION;begin accum Drawing Tool (CO_CommandManager.cpp,241)
﻿2022-08-07 22:13:13;ACTION;end accum (CO_CommandManager.cpp,325)
﻿2022-08-07 22:13:13;ACTION;begin accum  (CO_CommandManager.cpp,241)
﻿2022-08-07 22:13:13;ACTION;end accum (CO_CommandManager.cpp,325)
﻿2022-08-07 22:13:13;ACTION;end accum (CO_CommandManager.cpp,325)
﻿2022-08-07 22:13:14;ACTION;begin accum Drawing Tool (CO_CommandManager.cpp,241)
﻿2022-08-07 22:13:14;ACTION;end accum (CO_CommandManager.cpp,325)
﻿2022-08-07 22:13:14;ACTION;begin accum  (CO_CommandManager.cpp,241)
﻿2022-08-07 22:13:14;ACTION;end accum (CO_CommandManager.cpp,325)
﻿2022-08-07 22:13:14;ACTION;end accum (CO_CommandManager.cpp,325)
﻿2022-08-07 22:13:15;ACTION;begin accum Drawing Tool (CO_CommandManager.cpp,241)
﻿2022-08-07 22:13:15;ACTION;end accum (CO_CommandManager.cpp,325)
﻿2022-08-07 22:13:15;ACTION;begin accum  (CO_CommandManager.cpp,241)
﻿2022-08-07 22:13:15;ACTION;end accum (CO_CommandManager.cpp,325)
﻿2022-08-07 22:13:15;ACTION;end accum (CO_CommandManager.cpp,325)
﻿2022-08-07 22:13:15;ACTION;begin accum Drawing Tool (CO_CommandManager.cpp,241)
﻿2022-08-07 22:13:15;ACTION;end accum (CO_CommandManager.cpp,325)
﻿2022-08-07 22:13:15;ACTION;begin accum  (CO_CommandManager.cpp,241)
﻿2022-08-07 22:13:15;ACTION;end accum (CO_CommandManager.cpp,325)
﻿2022-08-07 22:13:15;ACTION;end accum (CO_CommandManager.cpp,325)
﻿2022-08-07 22:13:16;ACTION;begin accum Add Panel (CO_CommandManager.cpp,241)
﻿2022-08-07 22:13:16;ACTION;end accum (CO_CommandManager.cpp,325)
﻿2022-08-07 22:13:16;ACTION;end accum (CO_CommandManager.cpp,325)
﻿2022-08-07 22:13:18;ACTION;begin accum Create Drawing (CO_CommandManager.cpp,241)
﻿2022-08-07 22:13:18;ACTION;end accum (CO_CommandManager.cpp,325)
﻿2022-08-07 22:13:18;ACTION;end accum (CO_CommandManager.cpp,325)
﻿2022-08-07 22:13:18;ACTION;end accum (CO_CommandManager.cpp,325)
﻿2022-08-07 22:13:19;ACTION;begin accum Drawing Tool (CO_CommandManager.cpp,241)
﻿2022-08-07 22:13:19;ACTION;end accum (CO_CommandManager.cpp,325)
﻿2022-08-07 22:13:19;ACTION;begin accum  (CO_CommandManager.cpp,241)
﻿2022-08-07 22:13:19;ACTION;end accum (CO_CommandManager.cpp,325)
﻿2022-08-07 22:13:19;ACTION;end accum (CO_CommandManager.cpp,325)
﻿2022-08-07 22:13:20;ACTION;begin accum Drawing Tool (CO_CommandManager.cpp,241)
﻿2022-08-07 22:13:20;ACTION;end accum (CO_CommandManager.cpp,325)
﻿2022-08-07 22:13:20;ACTION;begin accum  (CO_CommandManager.cpp,241)
﻿2022-08-07 22:13:20;ACTION;end accum (CO_CommandManager.cpp,325)
﻿2022-08-07 22:13:20;ACTION;end accum (CO_CommandManager.cpp,325)
﻿2022-08-07 22:13:21;ACTION;begin accum Drawing Tool (CO_CommandManager.cpp,241)
﻿2022-08-07 22:13:21;ACTION;end accum (CO_CommandManager.cpp,325)
﻿2022-08-07 22:13:21;ACTION;begin accum  (CO_CommandManager.cpp,241)
﻿2022-08-07 22:13:21;ACTION;end accum (CO_CommandManager.cpp,325)
﻿2022-08-07 22:13:21;ACTION;end accum (CO_CommandManager.cpp,325)
﻿2022-08-07 22:13:21;ACTION;begin accum Drawing Tool (CO_CommandManager.cpp,241)
﻿2022-08-07 22:13:21;ACTION;end accum (CO_CommandManager.cpp,325)
﻿2022-08-07 22:13:21;ACTION;begin accum  (CO_CommandManager.cpp,241)
﻿2022-08-07 22:13:21;ACTION;end accum (CO_CommandManager.cpp,325)
﻿2022-08-07 22:13:21;ACTION;end accum (CO_CommandManager.cpp,325)
﻿2022-08-07 22:13:22;ACTION;begin accum Drawing Tool (CO_CommandManager.cpp,241)
﻿2022-08-07 22:13:22;ACTION;end accum (CO_CommandManager.cpp,325)
﻿2022-08-07 22:13:22;ACTION;begin accum  (CO_CommandManager.cpp,241)
﻿2022-08-07 22:13:22;ACTION;end accum (CO_CommandManager.cpp,325)
﻿2022-08-07 22:13:22;ACTION;end accum (CO_CommandManager.cpp,325)
﻿2022-08-07 22:13:22;ACTION;begin accum Drawing Tool (CO_CommandManager.cpp,241)
﻿2022-08-07 22:13:22;ACTION;end accum (CO_CommandManager.cpp,325)
﻿2022-08-07 22:13:22;ACTION;begin accum  (CO_CommandManager.cpp,241)
﻿2022-08-07 22:13:22;ACTION;end accum (CO_CommandManager.cpp,325)
﻿2022-08-07 22:13:22;ACTION;end accum (CO_CommandManager.cpp,325)
﻿2022-08-07 22:13:23;ACTION;begin accum Add Panel (CO_CommandManager.cpp,241)
﻿2022-08-07 22:13:23;ACTION;end accum (CO_CommandManager.cpp,325)
﻿2022-08-07 22:13:23;ACTION;end accum (CO_CommandManager.cpp,325)
﻿2022-08-07 22:13:25;ACTION;begin accum Create Drawing (CO_CommandManager.cpp,241)
﻿2022-08-07 22:13:25;ACTION;end accum (CO_CommandManager.cpp,325)
﻿2022-08-07 22:13:25;ACTION;end accum (CO_CommandManager.cpp,325)
﻿2022-08-07 22:13:25;ACTION;end accum (CO_CommandManager.cpp,325)
﻿2022-08-07 22:13:25;ACTION;begin accum Drawing Tool (CO_CommandManager.cpp,241)
﻿2022-08-07 22:13:25;ACTION;end accum (CO_CommandManager.cpp,325)
﻿2022-08-07 22:13:25;ACTION;begin accum  (CO_CommandManager.cpp,241)
﻿2022-08-07 22:13:25;ACTION;end accum (CO_CommandManager.cpp,325)
﻿2022-08-07 22:13:25;ACTION;end accum (CO_CommandManager.cpp,325)
﻿2022-08-07 22:13:26;ACTION;begin accum Drawing Tool (CO_CommandManager.cpp,241)
﻿2022-08-07 22:13:26;ACTION;end accum (CO_CommandManager.cpp,325)
﻿2022-08-07 22:13:26;ACTION;begin accum  (CO_CommandManager.cpp,241)
﻿2022-08-07 22:13:26;ACTION;end accum (CO_CommandManager.cpp,325)
﻿2022-08-07 22:13:26;ACTION;end accum (CO_CommandManager.cpp,325)
﻿2022-08-07 22:13:27;ACTION;begin accum Drawing Tool (CO_CommandManager.cpp,241)
﻿2022-08-07 22:13:27;ACTION;end accum (CO_CommandManager.cpp,325)
﻿2022-08-07 22:13:27;ACTION;begin accum  (CO_CommandManager.cpp,241)
﻿2022-08-07 22:13:27;ACTION;end accum (CO_CommandManager.cpp,325)
﻿2022-08-07 22:13:27;ACTION;end accum (CO_CommandManager.cpp,325)
﻿2022-08-07 22:13:50;ACTION;Start Saving project
﻿  2022-08-07 22:13:50;ACTION;Start isSaveProjectPossible (SC_SaveUtil.cpp,226)
﻿    2022-08-07 22:13:50;Create;C:/Users/GANYMEDE/Desktop/stuff/projeeee/animjams/Week 5/week_5/week_5.sboard+; OK 
﻿    2022-08-07 22:13:50;Delete;C:/Users/GANYMEDE/Desktop/stuff/projeeee/animjams/Week 5/week_5/week_5.sboard+; OK 
﻿  2022-08-07 22:13:50;ACTION;End isSaveProjectPossible (SC_SaveUtil.cpp,226)
﻿  2022-08-07 22:13:50;ACTION;Start isSaveProjectPossible (SC_SaveUtil.cpp,226)
﻿    2022-08-07 22:13:50;Create;C:/Users/GANYMEDE/Desktop/stuff/projeeee/animjams/Week 5/week_5/week_5.sboard+; OK 
﻿    2022-08-07 22:13:50;Delete;C:/Users/GANYMEDE/Desktop/stuff/projeeee/animjams/Week 5/week_5/week_5.sboard+; OK 
﻿  2022-08-07 22:13:50;ACTION;End isSaveProjectPossible (SC_SaveUtil.cpp,226)
﻿  2022-08-07 22:13:51;ACTION;Start TUElementMgr::writeToVersionAuxFile (tuelementmgr.cpp,1988)
﻿    2022-08-07 22:13:51;Create;C:/Users/GANYMEDE/Desktop/stuff/projeeee/animjams/Week 5/week_5/elements; OK 
﻿    2022-08-07 22:13:51;ACTION;TUElementMgr::writeToVersionAuxFile - element: 1-Draw, operation: 1
﻿    2022-08-07 22:13:51;Copy;C:/Users/GANYMEDE/AppData/Local/Temp/ToonBoomSessionTempDir/4176/elements/1.e;C:/Users/GANYMEDE/Desktop/stuff/projeeee/animjams/Week 5/week_5/elements/Draw OK 
﻿    2022-08-07 22:13:51;Create;C:/Users/GANYMEDE/Desktop/stuff/projeeee/animjams/Week 5/week_5/scene.elementTable; OK 
﻿  2022-08-07 22:13:51;ACTION;End TUElementMgr::writeToVersionAuxFile (tuelementmgr.cpp,1988)
﻿  2022-08-07 22:13:51;ACTION;Start saveDrawings - delete drawings (tudrawinglist.cpp,697)
﻿  2022-08-07 22:13:51;ACTION;End saveDrawings - delete drawings (tudrawinglist.cpp,697)
﻿  2022-08-07 22:13:51;ACTION;Start saveDrawings - rename to temp name (tudrawinglist.cpp,731)
﻿  2022-08-07 22:13:51;ACTION;End saveDrawings - rename to temp name (tudrawinglist.cpp,731)
﻿  2022-08-07 22:13:51;ACTION;Start saveDrawings - rename to final name (tudrawinglist.cpp,759)
﻿  2022-08-07 22:13:51;ACTION;End saveDrawings - rename to final name (tudrawinglist.cpp,759)
﻿  2022-08-07 22:13:51;ACTION;Start saveDrawings - copy all drawings from temp to project (tudrawinglist.cpp,797)
﻿  2022-08-07 22:13:51;ACTION;End saveDrawings - copy all drawings from temp to project (tudrawinglist.cpp,797)
﻿  2022-08-07 22:13:51;ACTION;Start saveDrawings - save all modified drawings in memory (tudrawinglist.cpp,855)
﻿    2022-08-07 22:13:51;Create;C:/Users/GANYMEDE/Desktop/stuff/projeeee/animjams/Week 5/week_5/elements/Draw/Draw-1.tvg+; OK 
﻿    2022-08-07 22:13:52;Rename;C:/Users/GANYMEDE/Desktop/stuff/projeeee/animjams/Week 5/week_5/elements/Draw/Draw-1.tvg+;Draw-1.tvg OK 
﻿    2022-08-07 22:13:52;Create;C:/Users/GANYMEDE/Desktop/stuff/projeeee/animjams/Week 5/week_5/elements/Draw/Draw-2.tvg+; OK 
﻿    2022-08-07 22:13:52;Rename;C:/Users/GANYMEDE/Desktop/stuff/projeeee/animjams/Week 5/week_5/elements/Draw/Draw-2.tvg+;Draw-2.tvg OK 
﻿    2022-08-07 22:13:52;Create;C:/Users/GANYMEDE/Desktop/stuff/projeeee/animjams/Week 5/week_5/elements/Draw/Draw-3.tvg+; OK 
﻿    2022-08-07 22:13:52;Rename;C:/Users/GANYMEDE/Desktop/stuff/projeeee/animjams/Week 5/week_5/elements/Draw/Draw-3.tvg+;Draw-3.tvg OK 
﻿    2022-08-07 22:13:52;Create;C:/Users/GANYMEDE/Desktop/stuff/projeeee/animjams/Week 5/week_5/elements/Draw/Draw-4.tvg+; OK 
﻿    2022-08-07 22:13:52;Rename;C:/Users/GANYMEDE/Desktop/stuff/projeeee/animjams/Week 5/week_5/elements/Draw/Draw-4.tvg+;Draw-4.tvg OK 
﻿    2022-08-07 22:13:52;Create;C:/Users/GANYMEDE/Desktop/stuff/projeeee/animjams/Week 5/week_5/elements/Draw/Draw-5.tvg+; OK 
﻿    2022-08-07 22:13:52;Rename;C:/Users/GANYMEDE/Desktop/stuff/projeeee/animjams/Week 5/week_5/elements/Draw/Draw-5.tvg+;Draw-5.tvg OK 
﻿    2022-08-07 22:13:52;Create;C:/Users/GANYMEDE/Desktop/stuff/projeeee/animjams/Week 5/week_5/elements/Draw/Draw-6.tvg+; OK 
﻿    2022-08-07 22:13:52;Rename;C:/Users/GANYMEDE/Desktop/stuff/projeeee/animjams/Week 5/week_5/elements/Draw/Draw-6.tvg+;Draw-6.tvg OK 
﻿    2022-08-07 22:13:52;Create;C:/Users/GANYMEDE/Desktop/stuff/projeeee/animjams/Week 5/week_5/elements/Draw/Draw-7.tvg+; OK 
﻿    2022-08-07 22:13:52;Rename;C:/Users/GANYMEDE/Desktop/stuff/projeeee/animjams/Week 5/week_5/elements/Draw/Draw-7.tvg+;Draw-7.tvg OK 
﻿    2022-08-07 22:13:52;Create;C:/Users/GANYMEDE/Desktop/stuff/projeeee/animjams/Week 5/week_5/elements/Draw/Draw-8.tvg+; OK 
﻿    2022-08-07 22:13:52;Rename;C:/Users/GANYMEDE/Desktop/stuff/projeeee/animjams/Week 5/week_5/elements/Draw/Draw-8.tvg+;Draw-8.tvg OK 
﻿    2022-08-07 22:13:52;Create;C:/Users/GANYMEDE/Desktop/stuff/projeeee/animjams/Week 5/week_5/elements/Draw/Draw-9.tvg+; OK 
﻿    2022-08-07 22:13:52;Rename;C:/Users/GANYMEDE/Desktop/stuff/projeeee/animjams/Week 5/week_5/elements/Draw/Draw-9.tvg+;Draw-9.tvg OK 
﻿    2022-08-07 22:13:52;Create;C:/Users/GANYMEDE/Desktop/stuff/projeeee/animjams/Week 5/week_5/elements/Draw/Draw-10.tvg+; OK 
﻿    2022-08-07 22:13:52;Rename;C:/Users/GANYMEDE/Desktop/stuff/projeeee/animjams/Week 5/week_5/elements/Draw/Draw-10.tvg+;Draw-10.tvg OK 
﻿    2022-08-07 22:13:52;Create;C:/Users/GANYMEDE/Desktop/stuff/projeeee/animjams/Week 5/week_5/elements/Draw/Draw-11.tvg+; OK 
﻿    2022-08-07 22:13:52;Rename;C:/Users/GANYMEDE/Desktop/stuff/projeeee/animjams/Week 5/week_5/elements/Draw/Draw-11.tvg+;Draw-11.tvg OK 
﻿    2022-08-07 22:13:52;Create;C:/Users/GANYMEDE/Desktop/stuff/projeeee/animjams/Week 5/week_5/elements/Draw/Draw-12.tvg+; OK 
﻿    2022-08-07 22:13:52;Rename;C:/Users/GANYMEDE/Desktop/stuff/projeeee/animjams/Week 5/week_5/elements/Draw/Draw-12.tvg+;Draw-12.tvg OK 
﻿  2022-08-07 22:13:52;ACTION;End saveDrawings - save all modified drawings in memory (tudrawinglist.cpp,855)
﻿  2022-08-07 22:13:52;ACTION;Start saveProject (SC_SaveUtil.cpp,381)
﻿    2022-08-07 22:13:52;Create;C:/Users/GANYMEDE/Desktop/stuff/projeeee/animjams/Week 5/week_5/week_5.sboard+; OK 
﻿    2022-08-07 22:13:52;Rename;C:/Users/GANYMEDE/Desktop/stuff/projeeee/animjams/Week 5/week_5/week_5.sboard+;C:/Users/GANYMEDE/Desktop/stuff/projeeee/animjams/Week 5/week_5/week_5.sboard OK 
﻿    2022-08-07 22:13:52;ACTION;Start writeToVersionAuxFile (tuelementmgr.cpp,2444)
﻿      2022-08-07 22:13:52;ACTION;Start writeToVersionAuxFile (EM_XMLFileIO.cpp,307)
﻿        2022-08-07 22:13:52;Rename;C:/Users/GANYMEDE/Desktop/stuff/projeeee/animjams/Week 5/week_5/week_5.aux+;C:/Users/GANYMEDE/Desktop/stuff/projeeee/animjams/Week 5/week_5/week_5.aux OK 
﻿      2022-08-07 22:13:52;ACTION;End writeToVersionAuxFile (EM_XMLFileIO.cpp,307)
﻿    2022-08-07 22:13:52;ACTION;End writeToVersionAuxFile (tuelementmgr.cpp,2444)
﻿  2022-08-07 22:13:52;ACTION;End saveProject (SC_SaveUtil.cpp,381)
﻿  2022-08-07 22:13:52;ACTION;Start writeToDrawingVersionAuxFile (EM_XMLFileIO.cpp,454)
﻿  2022-08-07 22:13:52;ACTION;End writeToDrawingVersionAuxFile (EM_XMLFileIO.cpp,454)
﻿  2022-08-07 22:13:52;Create;C:/Users/GANYMEDE/Desktop/stuff/projeeee/animjams/Week 5/week_5/PALETTE_LIST+; OK 
﻿  2022-08-07 22:13:52;Rename;C:/Users/GANYMEDE/Desktop/stuff/projeeee/animjams/Week 5/week_5/PALETTE_LIST+;PALETTE_LIST OK 
﻿  2022-08-07 22:13:52;Create;C:/Users/GANYMEDE/Desktop/stuff/projeeee/animjams/Week 5/week_5/week_5.sboard.thumbnails; OK 
﻿  2022-08-07 22:13:52;Delete;C:/Users/GANYMEDE/AppData/Roaming/Toon Boom Animation/Toon Boom Storyboard Pro/full-17100-pref/Storyboard Pro-pref.xml~; OK 
﻿  2022-08-07 22:13:52;Rename;C:/Users/GANYMEDE/AppData/Roaming/Toon Boom Animation/Toon Boom Storyboard Pro/full-17100-pref/Storyboard Pro-pref.xml;Storyboard Pro-pref.xml~ OK 
﻿  2022-08-07 22:13:52;Rename;C:/Users/GANYMEDE/AppData/Roaming/Toon Boom Animation/Toon Boom Storyboard Pro/full-17100-pref/Storyboard Pro-pref.xml+;Storyboard Pro-pref.xml OK 
﻿2022-08-07 22:13:52;ACTION;End Saving project
﻿2022-08-07 22:14:22;ACTION;begin accum Modify Panel Duration (CO_CommandManager.cpp,241)
﻿2022-08-07 22:14:22;ACTION;end accum (CO_CommandManager.cpp,325)
﻿2022-08-07 22:14:22;ACTION;end accum (CO_CommandManager.cpp,325)
﻿2022-08-07 22:14:22;ACTION;end accum (CO_CommandManager.cpp,325)
﻿2022-08-07 22:14:22;ACTION;end accum (CO_CommandManager.cpp,325)
﻿2022-08-07 22:14:26;ACTION;Start unexecute depth 1 (CO_CommandManager.cpp,580)
﻿  2022-08-07 22:14:26;ACTION;Start execute Modify Panel Duration  (class CO_Command * __ptr64) (CO_CommandManager.cpp,594)
﻿  2022-08-07 22:14:26;ACTION;End execute Modify Panel Duration  (class CO_Command * __ptr64) (CO_CommandManager.cpp,594)
﻿2022-08-07 22:14:26;ACTION;End unexecute depth 1 (CO_CommandManager.cpp,580)
﻿2022-08-07 22:14:29;ACTION;Start Saving project
﻿  2022-08-07 22:14:29;ACTION;Start isSaveProjectPossible (SC_SaveUtil.cpp,226)
﻿    2022-08-07 22:14:29;Create;C:/Users/GANYMEDE/Desktop/stuff/projeeee/animjams/Week 5/week_5/week_5.sboard+; OK 
﻿    2022-08-07 22:14:29;Delete;C:/Users/GANYMEDE/Desktop/stuff/projeeee/animjams/Week 5/week_5/week_5.sboard+; OK 
﻿  2022-08-07 22:14:29;ACTION;End isSaveProjectPossible (SC_SaveUtil.cpp,226)
﻿  2022-08-07 22:14:29;ACTION;Start isSaveProjectPossible (SC_SaveUtil.cpp,226)
﻿    2022-08-07 22:14:29;Create;C:/Users/GANYMEDE/Desktop/stuff/projeeee/animjams/Week 5/week_5/week_5.sboard+; OK 
﻿    2022-08-07 22:14:29;Delete;C:/Users/GANYMEDE/Desktop/stuff/projeeee/animjams/Week 5/week_5/week_5.sboard+; OK 
﻿  2022-08-07 22:14:29;ACTION;End isSaveProjectPossible (SC_SaveUtil.cpp,226)
﻿  2022-08-07 22:14:29;ACTION;Start TUElementMgr::writeToVersionAuxFile (tuelementmgr.cpp,1988)
﻿    2022-08-07 22:14:29;Create;C:/Users/GANYMEDE/Desktop/stuff/projeeee/animjams/Week 5/week_5/scene.elementTable; OK 
﻿  2022-08-07 22:14:29;ACTION;End TUElementMgr::writeToVersionAuxFile (tuelementmgr.cpp,1988)
﻿  2022-08-07 22:14:29;ACTION;Start saveDrawings - delete drawings (tudrawinglist.cpp,697)
﻿  2022-08-07 22:14:29;ACTION;End saveDrawings - delete drawings (tudrawinglist.cpp,697)
﻿  2022-08-07 22:14:29;ACTION;Start saveDrawings - rename to temp name (tudrawinglist.cpp,731)
﻿  2022-08-07 22:14:29;ACTION;End saveDrawings - rename to temp name (tudrawinglist.cpp,731)
﻿  2022-08-07 22:14:29;ACTION;Start saveDrawings - rename to final name (tudrawinglist.cpp,759)
﻿  2022-08-07 22:14:29;ACTION;End saveDrawings - rename to final name (tudrawinglist.cpp,759)
﻿  2022-08-07 22:14:29;ACTION;Start saveDrawings - copy all drawings from temp to project (tudrawinglist.cpp,797)
﻿  2022-08-07 22:14:29;ACTION;End saveDrawings - copy all drawings from temp to project (tudrawinglist.cpp,797)
﻿  2022-08-07 22:14:29;ACTION;Start saveDrawings - save all modified drawings in memory (tudrawinglist.cpp,855)
﻿  2022-08-07 22:14:29;ACTION;End saveDrawings - save all modified drawings in memory (tudrawinglist.cpp,855)
﻿  2022-08-07 22:14:29;ACTION;Start saveProject (SC_SaveUtil.cpp,381)
﻿    2022-08-07 22:14:29;Create;C:/Users/GANYMEDE/Desktop/stuff/projeeee/animjams/Week 5/week_5/week_5.sboard+; OK 
﻿    2022-08-07 22:14:29;Rename;C:/Users/GANYMEDE/Desktop/stuff/projeeee/animjams/Week 5/week_5/week_5.sboard;C:/Users/GANYMEDE/Desktop/stuff/projeeee/animjams/Week 5/week_5/week_5.sboard~ OK 
﻿    2022-08-07 22:14:29;Rename;C:/Users/GANYMEDE/Desktop/stuff/projeeee/animjams/Week 5/week_5/week_5.sboard+;C:/Users/GANYMEDE/Desktop/stuff/projeeee/animjams/Week 5/week_5/week_5.sboard OK 
﻿    2022-08-07 22:14:29;ACTION;Start writeToVersionAuxFile (tuelementmgr.cpp,2444)
﻿      2022-08-07 22:14:29;ACTION;Start writeToVersionAuxFile (EM_XMLFileIO.cpp,307)
﻿        2022-08-07 22:14:29;Rename;C:/Users/GANYMEDE/Desktop/stuff/projeeee/animjams/Week 5/week_5/week_5.aux;C:/Users/GANYMEDE/Desktop/stuff/projeeee/animjams/Week 5/week_5/week_5.aux~ OK 
﻿        2022-08-07 22:14:29;Rename;C:/Users/GANYMEDE/Desktop/stuff/projeeee/animjams/Week 5/week_5/week_5.aux+;C:/Users/GANYMEDE/Desktop/stuff/projeeee/animjams/Week 5/week_5/week_5.aux OK 
﻿      2022-08-07 22:14:29;ACTION;End writeToVersionAuxFile (EM_XMLFileIO.cpp,307)
﻿    2022-08-07 22:14:29;ACTION;End writeToVersionAuxFile (tuelementmgr.cpp,2444)
﻿  2022-08-07 22:14:29;ACTION;End saveProject (SC_SaveUtil.cpp,381)
﻿  2022-08-07 22:14:29;ACTION;Start writeToDrawingVersionAuxFile (EM_XMLFileIO.cpp,454)
﻿  2022-08-07 22:14:29;ACTION;End writeToDrawingVersionAuxFile (EM_XMLFileIO.cpp,454)
﻿  2022-08-07 22:14:29;Create;C:/Users/GANYMEDE/Desktop/stuff/projeeee/animjams/Week 5/week_5/week_5.sboard.thumbnails; OK 
﻿2022-08-07 22:14:29;ACTION;End Saving project
﻿2022-08-07 22:14:59;ACTION;begin accum Change Scene Duration (CO_CommandManager.cpp,241)
﻿2022-08-07 22:14:59;ACTION;end accum (CO_CommandManager.cpp,325)
﻿2022-08-07 22:14:59;ACTION;end accum (CO_CommandManager.cpp,325)
﻿2022-08-07 22:14:59;ACTION;end accum (CO_CommandManager.cpp,325)
﻿2022-08-07 22:14:59;ACTION;end accum (CO_CommandManager.cpp,325)
﻿2022-08-07 22:15:00;ACTION;Start unexecute depth 1 (CO_CommandManager.cpp,580)
﻿  2022-08-07 22:15:00;ACTION;Start execute Change Scene Duration  (class CO_Command * __ptr64) (CO_CommandManager.cpp,594)
﻿  2022-08-07 22:15:00;ACTION;End execute Change Scene Duration  (class CO_Command * __ptr64) (CO_CommandManager.cpp,594)
﻿2022-08-07 22:15:00;ACTION;End unexecute depth 1 (CO_CommandManager.cpp,580)
﻿2022-08-07 22:15:09;ACTION;begin accum Change Scene Duration (CO_CommandManager.cpp,241)
﻿2022-08-07 22:15:09;ACTION;end accum (CO_CommandManager.cpp,325)
﻿2022-08-07 22:15:09;ACTION;end accum (CO_CommandManager.cpp,325)
﻿2022-08-07 22:15:09;ACTION;end accum (CO_CommandManager.cpp,325)
﻿2022-08-07 22:15:09;ACTION;end accum (CO_CommandManager.cpp,325)
﻿2022-08-07 22:15:09;ACTION;Start unexecute depth 1 (CO_CommandManager.cpp,580)
﻿  2022-08-07 22:15:09;ACTION;Start execute Change Scene Duration  (class CO_Command * __ptr64) (CO_CommandManager.cpp,594)
﻿  2022-08-07 22:15:09;ACTION;End execute Change Scene Duration  (class CO_Command * __ptr64) (CO_CommandManager.cpp,594)
﻿2022-08-07 22:15:09;ACTION;End unexecute depth 1 (CO_CommandManager.cpp,580)
﻿2022-08-07 22:16:22;ACTION;begin accum Change Scene Duration (CO_CommandManager.cpp,241)
﻿2022-08-07 22:16:22;ACTION;end accum (CO_CommandManager.cpp,325)
﻿2022-08-07 22:16:22;ACTION;end accum (CO_CommandManager.cpp,325)
﻿2022-08-07 22:16:22;ACTION;end accum (CO_CommandManager.cpp,325)
﻿2022-08-07 22:16:22;ACTION;end accum (CO_CommandManager.cpp,325)
﻿2022-08-07 22:16:23;ACTION;Start unexecute depth 1 (CO_CommandManager.cpp,580)
﻿  2022-08-07 22:16:23;ACTION;Start execute Change Scene Duration  (class CO_Command * __ptr64) (CO_CommandManager.cpp,594)
﻿  2022-08-07 22:16:23;ACTION;End execute Change Scene Duration  (class CO_Command * __ptr64) (CO_CommandManager.cpp,594)
﻿2022-08-07 22:16:23;ACTION;End unexecute depth 1 (CO_CommandManager.cpp,580)
﻿2022-08-07 22:18:08;ACTION;begin accum Change Scene Duration (CO_CommandManager.cpp,241)
﻿2022-08-07 22:18:08;ACTION;end accum (CO_CommandManager.cpp,325)
﻿2022-08-07 22:18:08;ACTION;end accum (CO_CommandManager.cpp,325)
﻿2022-08-07 22:18:08;ACTION;end accum (CO_CommandManager.cpp,325)
﻿2022-08-07 22:18:08;ACTION;end accum (CO_CommandManager.cpp,325)
﻿2022-08-07 22:18:09;ACTION;begin accum Change Scene Duration (CO_CommandManager.cpp,241)
﻿2022-08-07 22:18:09;ACTION;end accum (CO_CommandManager.cpp,325)
﻿2022-08-07 22:18:09;ACTION;end accum (CO_CommandManager.cpp,325)
﻿2022-08-07 22:18:09;ACTION;end accum (CO_CommandManager.cpp,325)
﻿2022-08-07 22:18:09;ACTION;end accum (CO_CommandManager.cpp,325)
﻿2022-08-07 22:18:10;ACTION;begin accum Change Scene Duration (CO_CommandManager.cpp,241)
﻿2022-08-07 22:18:10;ACTION;end accum (CO_CommandManager.cpp,325)
﻿2022-08-07 22:18:10;ACTION;end accum (CO_CommandManager.cpp,325)
﻿2022-08-07 22:18:10;ACTION;end accum (CO_CommandManager.cpp,325)
﻿2022-08-07 22:18:10;ACTION;end accum (CO_CommandManager.cpp,325)
﻿2022-08-07 22:18:12;ACTION;begin accum Change Scene Duration (CO_CommandManager.cpp,241)
﻿2022-08-07 22:18:12;ACTION;end accum (CO_CommandManager.cpp,325)
﻿2022-08-07 22:18:12;ACTION;end accum (CO_CommandManager.cpp,325)
﻿2022-08-07 22:18:12;ACTION;end accum (CO_CommandManager.cpp,325)
﻿2022-08-07 22:18:12;ACTION;end accum (CO_CommandManager.cpp,325)
﻿2022-08-07 22:18:14;ACTION;begin accum Change Scene Duration (CO_CommandManager.cpp,241)
﻿2022-08-07 22:18:14;ACTION;end accum (CO_CommandManager.cpp,325)
﻿2022-08-07 22:18:14;ACTION;end accum (CO_CommandManager.cpp,325)
﻿2022-08-07 22:18:14;ACTION;end accum (CO_CommandManager.cpp,325)
﻿2022-08-07 22:18:14;ACTION;end accum (CO_CommandManager.cpp,325)
﻿2022-08-07 22:18:16;ACTION;begin accum Change Scene Duration (CO_CommandManager.cpp,241)
﻿2022-08-07 22:18:16;ACTION;end accum (CO_CommandManager.cpp,325)
﻿2022-08-07 22:18:16;ACTION;end accum (CO_CommandManager.cpp,325)
﻿2022-08-07 22:18:16;ACTION;end accum (CO_CommandManager.cpp,325)
﻿2022-08-07 22:18:16;ACTION;end accum (CO_CommandManager.cpp,325)
﻿2022-08-07 22:18:18;ACTION;begin accum Change Scene Duration (CO_CommandManager.cpp,241)
﻿2022-08-07 22:18:18;ACTION;end accum (CO_CommandManager.cpp,325)
﻿2022-08-07 22:18:18;ACTION;end accum (CO_CommandManager.cpp,325)
﻿2022-08-07 22:18:18;ACTION;end accum (CO_CommandManager.cpp,325)
﻿2022-08-07 22:18:18;ACTION;end accum (CO_CommandManager.cpp,325)
﻿2022-08-07 22:18:20;ACTION;begin accum Change Scene Duration (CO_CommandManager.cpp,241)
﻿2022-08-07 22:18:20;ACTION;end accum (CO_CommandManager.cpp,325)
﻿2022-08-07 22:18:20;ACTION;end accum (CO_CommandManager.cpp,325)
﻿2022-08-07 22:18:20;ACTION;end accum (CO_CommandManager.cpp,325)
﻿2022-08-07 22:18:20;ACTION;end accum (CO_CommandManager.cpp,325)
﻿2022-08-07 22:18:21;ACTION;begin accum Change Scene Duration (CO_CommandManager.cpp,241)
﻿2022-08-07 22:18:21;ACTION;end accum (CO_CommandManager.cpp,325)
﻿2022-08-07 22:18:21;ACTION;end accum (CO_CommandManager.cpp,325)
﻿2022-08-07 22:18:21;ACTION;end accum (CO_CommandManager.cpp,325)
﻿2022-08-07 22:18:21;ACTION;end accum (CO_CommandManager.cpp,325)
﻿2022-08-07 22:18:23;ACTION;begin accum Change Scene Duration (CO_CommandManager.cpp,241)
﻿2022-08-07 22:18:23;ACTION;end accum (CO_CommandManager.cpp,325)
﻿2022-08-07 22:18:23;ACTION;end accum (CO_CommandManager.cpp,325)
﻿2022-08-07 22:18:23;ACTION;end accum (CO_CommandManager.cpp,325)
﻿2022-08-07 22:18:23;ACTION;end accum (CO_CommandManager.cpp,325)
﻿2022-08-07 22:18:24;ACTION;begin accum Change Scene Duration (CO_CommandManager.cpp,241)
﻿2022-08-07 22:18:24;ACTION;end accum (CO_CommandManager.cpp,325)
﻿2022-08-07 22:18:24;ACTION;end accum (CO_CommandManager.cpp,325)
﻿2022-08-07 22:18:24;ACTION;end accum (CO_CommandManager.cpp,325)
﻿2022-08-07 22:18:24;ACTION;end accum (CO_CommandManager.cpp,325)
﻿2022-08-07 22:18:25;ACTION;begin accum Change Scene Duration (CO_CommandManager.cpp,241)
﻿2022-08-07 22:18:25;ACTION;end accum (CO_CommandManager.cpp,325)
﻿2022-08-07 22:18:25;ACTION;end accum (CO_CommandManager.cpp,325)
﻿2022-08-07 22:18:25;ACTION;end accum (CO_CommandManager.cpp,325)
﻿2022-08-07 22:18:25;ACTION;end accum (CO_CommandManager.cpp,325)
﻿2022-08-07 22:18:37;ACTION;Start Saving project
﻿  2022-08-07 22:18:37;ACTION;Start isSaveProjectPossible (SC_SaveUtil.cpp,226)
﻿    2022-08-07 22:18:37;Create;C:/Users/GANYMEDE/Desktop/stuff/projeeee/animjams/Week 5/week_5/week_5.sboard+; OK 
﻿    2022-08-07 22:18:37;Delete;C:/Users/GANYMEDE/Desktop/stuff/projeeee/animjams/Week 5/week_5/week_5.sboard+; OK 
﻿  2022-08-07 22:18:37;ACTION;End isSaveProjectPossible (SC_SaveUtil.cpp,226)
﻿  2022-08-07 22:18:37;ACTION;Start isSaveProjectPossible (SC_SaveUtil.cpp,226)
﻿    2022-08-07 22:18:37;Create;C:/Users/GANYMEDE/Desktop/stuff/projeeee/animjams/Week 5/week_5/week_5.sboard+; OK 
﻿    2022-08-07 22:18:37;Delete;C:/Users/GANYMEDE/Desktop/stuff/projeeee/animjams/Week 5/week_5/week_5.sboard+; OK 
﻿  2022-08-07 22:18:37;ACTION;End isSaveProjectPossible (SC_SaveUtil.cpp,226)
﻿  2022-08-07 22:18:38;ACTION;Start TUElementMgr::writeToVersionAuxFile (tuelementmgr.cpp,1988)
﻿    2022-08-07 22:18:38;Create;C:/Users/GANYMEDE/Desktop/stuff/projeeee/animjams/Week 5/week_5/scene.elementTable; OK 
﻿  2022-08-07 22:18:38;ACTION;End TUElementMgr::writeToVersionAuxFile (tuelementmgr.cpp,1988)
﻿  2022-08-07 22:18:38;ACTION;Start saveDrawings - delete drawings (tudrawinglist.cpp,697)
﻿  2022-08-07 22:18:38;ACTION;End saveDrawings - delete drawings (tudrawinglist.cpp,697)
﻿  2022-08-07 22:18:38;ACTION;Start saveDrawings - rename to temp name (tudrawinglist.cpp,731)
﻿  2022-08-07 22:18:38;ACTION;End saveDrawings - rename to temp name (tudrawinglist.cpp,731)
﻿  2022-08-07 22:18:38;ACTION;Start saveDrawings - rename to final name (tudrawinglist.cpp,759)
﻿  2022-08-07 22:18:38;ACTION;End saveDrawings - rename to final name (tudrawinglist.cpp,759)
﻿  2022-08-07 22:18:38;ACTION;Start saveDrawings - copy all drawings from temp to project (tudrawinglist.cpp,797)
﻿  2022-08-07 22:18:38;ACTION;End saveDrawings - copy all drawings from temp to project (tudrawinglist.cpp,797)
﻿  2022-08-07 22:18:38;ACTION;Start saveDrawings - save all modified drawings in memory (tudrawinglist.cpp,855)
﻿  2022-08-07 22:18:38;ACTION;End saveDrawings - save all modified drawings in memory (tudrawinglist.cpp,855)
﻿  2022-08-07 22:18:38;ACTION;Start saveProject (SC_SaveUtil.cpp,381)
﻿    2022-08-07 22:18:38;Create;C:/Users/GANYMEDE/Desktop/stuff/projeeee/animjams/Week 5/week_5/week_5.sboard+; OK 
﻿    2022-08-07 22:18:38;Rename;C:/Users/GANYMEDE/Desktop/stuff/projeeee/animjams/Week 5/week_5/week_5.sboard;C:/Users/GANYMEDE/Desktop/stuff/projeeee/animjams/Week 5/week_5/week_5.sboard~ OK 
﻿    2022-08-07 22:18:38;Rename;C:/Users/GANYMEDE/Desktop/stuff/projeeee/animjams/Week 5/week_5/week_5.sboard+;C:/Users/GANYMEDE/Desktop/stuff/projeeee/animjams/Week 5/week_5/week_5.sboard OK 
﻿    2022-08-07 22:18:38;ACTION;Start writeToVersionAuxFile (tuelementmgr.cpp,2444)
﻿      2022-08-07 22:18:38;ACTION;Start writeToVersionAuxFile (EM_XMLFileIO.cpp,307)
﻿        2022-08-07 22:18:38;Rename;C:/Users/GANYMEDE/Desktop/stuff/projeeee/animjams/Week 5/week_5/week_5.aux;C:/Users/GANYMEDE/Desktop/stuff/projeeee/animjams/Week 5/week_5/week_5.aux~ OK 
﻿        2022-08-07 22:18:38;Rename;C:/Users/GANYMEDE/Desktop/stuff/projeeee/animjams/Week 5/week_5/week_5.aux+;C:/Users/GANYMEDE/Desktop/stuff/projeeee/animjams/Week 5/week_5/week_5.aux OK 
﻿      2022-08-07 22:18:38;ACTION;End writeToVersionAuxFile (EM_XMLFileIO.cpp,307)
﻿    2022-08-07 22:18:38;ACTION;End writeToVersionAuxFile (tuelementmgr.cpp,2444)
﻿  2022-08-07 22:18:38;ACTION;End saveProject (SC_SaveUtil.cpp,381)
﻿  2022-08-07 22:18:38;ACTION;Start writeToDrawingVersionAuxFile (EM_XMLFileIO.cpp,454)
﻿  2022-08-07 22:18:38;ACTION;End writeToDrawingVersionAuxFile (EM_XMLFileIO.cpp,454)
﻿  2022-08-07 22:18:38;Create;C:/Users/GANYMEDE/Desktop/stuff/projeeee/animjams/Week 5/week_5/week_5.sboard.thumbnails; OK 
﻿2022-08-07 22:18:38;ACTION;End Saving project
﻿2022-08-07 22:19:46;Create;C:/Users/GANYMEDE/Desktop/stuff/projeeee/animjams/Week 5/exportest.mov; OK 
﻿2022-08-07 22:19:46;Delete;C:/Users/GANYMEDE/Desktop/stuff/projeeee/animjams/Week 5/exportest.mov; OK 
﻿2022-08-07 22:19:53;Create;C:/ProgramData/Toon Boom Animation/codecs; OK 
﻿2022-08-07 22:19:53;Copy;C:\Users\GANYMEDE\AppData\Local\Temp\openh264-1.8.0-win64.dll.bz2;C:\ProgramData\Toon Boom Animation\codecs\openh264-1.8.0-win64.dll.bz2 OK 
﻿2022-08-07 22:19:53;Copy;C:/Users/GANYMEDE/AppData/Local/Temp/openh264-1.8.0-win64.dll.bz2;C:/ProgramData/Toon Boom Animation/codecs/openh264-1.8.0-win64.dll.bz2 OK 
﻿2022-08-07 22:19:53;Delete;C:/ProgramData/Toon Boom Animation/codecs/openh264-1.8.0-win64.dll.bz2; OK 
﻿2022-08-07 22:20:17;ACTION;Start Closing project
﻿  2022-08-07 22:20:17;Delete;C:/Users/GANYMEDE/Desktop/stuff/projeeee/animjams/Week 5/week_5/week_5.sboard.lock; OK 
﻿  2022-08-07 22:20:19;Delete;C:/Users/GANYMEDE/AppData/Local/Temp/ToonBoomSessionTempDir/4176/elements/1.d; OK 
﻿  2022-08-07 22:20:19;Delete;C:/Users/GANYMEDE/AppData/Local/Temp/ToonBoomSessionTempDir/4176/elements/1.e; OK 
﻿  2022-08-07 22:20:19;Delete;C:/Users/GANYMEDE/AppData/Local/Temp/ToonBoomSessionTempDir/4176/elements; OK 
﻿  2022-08-07 22:20:19;Delete;C:/Users/GANYMEDE/AppData/Local/Temp/ToonBoomSessionTempDir/4176/palette-library; OK 
﻿  2022-08-07 22:20:19;Delete;C:/Users/GANYMEDE/AppData/Local/Temp/ToonBoomSessionTempDir/4176; OK 
﻿  2022-08-07 22:20:19;Delete;C:/Users/GANYMEDE/AppData/Local/Temp/ToonBoomSessionTempDir/4176_20220807_214318133_week_5.cache.sqlite; OK 
﻿2022-08-07 22:20:19;ACTION;End Closing project
