Log file produced by: Storyboard Pro (StoryboardPro) version 10.2.2 build 10086 2015-04-08 20:59:13
﻿2022-09-18 16:33:36;Create;/Users/poofas/Desktop/tperfst.mov;
﻿2022-09-18 16:33:36;Delete;/Users/poofas/Desktop/tperfst.mov;
﻿2022-09-18 16:42:51;Copy;/tmp/8718_1tperfst.mov;/Users/poofas/Desktop/tperfst.mov
﻿2022-09-18 16:42:53;Delete;/tmp/8718_1tperfst.mov;
﻿2022-09-19 12:53:43;ACTION;Start Saving project
﻿  2022-09-19 12:53:44;Create;/Users/poofas/Desktop/Stuff/projeeee/animjams/The Perfect Storm/tps/tps.sboard+;
﻿  2022-09-19 12:53:44;Delete;/Users/poofas/Desktop/Stuff/projeeee/animjams/The Perfect Storm/tps/tps.sboard+;
﻿  2022-09-19 12:53:44;Create;/Users/poofas/Desktop/Stuff/projeeee/animjams/The Perfect Storm/tps/tps.sboard+;
﻿  2022-09-19 12:53:44;Delete;/Users/poofas/Desktop/Stuff/projeeee/animjams/The Perfect Storm/tps/tps.sboard+;
﻿  2022-09-19 12:53:44;Create;/Users/poofas/Desktop/Stuff/projeeee/animjams/The Perfect Storm/tps/scene.elementTable;
﻿  2022-09-19 12:53:44;Create;/Users/poofas/Desktop/Stuff/projeeee/animjams/The Perfect Storm/tps/tps.sboard+;
﻿  2022-09-19 12:53:44;Delete;/Users/poofas/Desktop/Stuff/projeeee/animjams/The Perfect Storm/tps/tps.sboard~;
﻿  2022-09-19 12:53:44;Rename;/Users/poofas/Desktop/Stuff/projeeee/animjams/The Perfect Storm/tps/tps.sboard;/Users/poofas/Desktop/Stuff/projeeee/animjams/The Perfect Storm/tps/tps.sboard~
﻿  2022-09-19 12:53:44;Copy;/Users/poofas/Desktop/Stuff/projeeee/animjams/The Perfect Storm/tps/tps.sboard;/Users/poofas/Desktop/Stuff/projeeee/animjams/The Perfect Storm/tps/tps.sboard~
﻿  2022-09-19 12:53:44;Delete;/Users/poofas/Desktop/Stuff/projeeee/animjams/The Perfect Storm/tps/tps.sboard;
﻿  2022-09-19 12:53:44;Rename;/Users/poofas/Desktop/Stuff/projeeee/animjams/The Perfect Storm/tps/tps.sboard+;/Users/poofas/Desktop/Stuff/projeeee/animjams/The Perfect Storm/tps/tps.sboard
﻿  2022-09-19 12:53:44;Copy;/Users/poofas/Desktop/Stuff/projeeee/animjams/The Perfect Storm/tps/tps.sboard+;/Users/poofas/Desktop/Stuff/projeeee/animjams/The Perfect Storm/tps/tps.sboard
﻿  2022-09-19 12:53:44;Delete;/Users/poofas/Desktop/Stuff/projeeee/animjams/The Perfect Storm/tps/tps.sboard+;
﻿  2022-09-19 12:53:44;Delete;/Users/poofas/Desktop/Stuff/projeeee/animjams/The Perfect Storm/tps/tps.aux~;
﻿  2022-09-19 12:53:44;Rename;/Users/poofas/Desktop/Stuff/projeeee/animjams/The Perfect Storm/tps/tps.aux;/Users/poofas/Desktop/Stuff/projeeee/animjams/The Perfect Storm/tps/tps.aux~
﻿  2022-09-19 12:53:44;Copy;/Users/poofas/Desktop/Stuff/projeeee/animjams/The Perfect Storm/tps/tps.aux;/Users/poofas/Desktop/Stuff/projeeee/animjams/The Perfect Storm/tps/tps.aux~
﻿  2022-09-19 12:53:44;Delete;/Users/poofas/Desktop/Stuff/projeeee/animjams/The Perfect Storm/tps/tps.aux;
﻿  2022-09-19 12:53:44;Rename;/Users/poofas/Desktop/Stuff/projeeee/animjams/The Perfect Storm/tps/tps.aux+;/Users/poofas/Desktop/Stuff/projeeee/animjams/The Perfect Storm/tps/tps.aux
﻿  2022-09-19 12:53:44;Copy;/Users/poofas/Desktop/Stuff/projeeee/animjams/The Perfect Storm/tps/tps.aux+;/Users/poofas/Desktop/Stuff/projeeee/animjams/The Perfect Storm/tps/tps.aux
﻿  2022-09-19 12:53:44;Delete;/Users/poofas/Desktop/Stuff/projeeee/animjams/The Perfect Storm/tps/tps.aux+;
﻿  2022-09-19 12:53:44;Create;/Users/poofas/Desktop/Stuff/projeeee/animjams/The Perfect Storm/tps/tps.sboard.thumbnails;
﻿2022-09-19 12:53:44;ACTION;End Saving project
﻿2022-09-19 12:53:44;ACTION;Start Closing project
﻿  2022-09-19 12:53:44;Delete;/Users/poofas/Desktop/Stuff/projeeee/animjams/The Perfect Storm/tps/tps.sboard.lock;
﻿  2022-09-19 12:53:46;Delete;/Users/poofas/Library/Application Support/ToonBoomSessionTempDir/8718;
﻿  2022-09-19 12:53:46;Delete;/Users/poofas/Library/Application Support/ToonBoomSessionTempDir/8718;
﻿2022-09-19 12:53:47;ACTION;End Closing project
