Log file produced by: Storyboard Pro (StoryboardPro) version 10.2.2 build 10086 2015-04-08 20:59:13
﻿2022-10-04 14:29:53;ACTION;Start Saving project
﻿  2022-10-04 14:29:53;Create;/Users/poofas/Desktop/Stuff/projeeee/animjams/The Perfect Storm/tps/tps.sboard+;
﻿  2022-10-04 14:29:53;Delete;/Users/poofas/Desktop/Stuff/projeeee/animjams/The Perfect Storm/tps/tps.sboard+;
﻿  2022-10-04 14:29:53;Create;/Users/poofas/Desktop/Stuff/projeeee/animjams/The Perfect Storm/tps/tps.sboard+;
﻿  2022-10-04 14:29:53;Delete;/Users/poofas/Desktop/Stuff/projeeee/animjams/The Perfect Storm/tps/tps.sboard+;
﻿  2022-10-04 14:29:53;Create;/Users/poofas/Desktop/Stuff/projeeee/animjams/The Perfect Storm/tps/scene.elementTable;
﻿  2022-10-04 14:29:53;Create;/Users/poofas/Desktop/Stuff/projeeee/animjams/The Perfect Storm/tps/tps.sboard+;
﻿  2022-10-04 14:29:53;Delete;/Users/poofas/Desktop/Stuff/projeeee/animjams/The Perfect Storm/tps/tps.sboard~;
﻿  2022-10-04 14:29:53;Rename;/Users/poofas/Desktop/Stuff/projeeee/animjams/The Perfect Storm/tps/tps.sboard;/Users/poofas/Desktop/Stuff/projeeee/animjams/The Perfect Storm/tps/tps.sboard~
﻿  2022-10-04 14:29:53;Copy;/Users/poofas/Desktop/Stuff/projeeee/animjams/The Perfect Storm/tps/tps.sboard;/Users/poofas/Desktop/Stuff/projeeee/animjams/The Perfect Storm/tps/tps.sboard~
﻿  2022-10-04 14:29:53;Delete;/Users/poofas/Desktop/Stuff/projeeee/animjams/The Perfect Storm/tps/tps.sboard;
﻿  2022-10-04 14:29:53;Rename;/Users/poofas/Desktop/Stuff/projeeee/animjams/The Perfect Storm/tps/tps.sboard+;/Users/poofas/Desktop/Stuff/projeeee/animjams/The Perfect Storm/tps/tps.sboard
﻿  2022-10-04 14:29:53;Copy;/Users/poofas/Desktop/Stuff/projeeee/animjams/The Perfect Storm/tps/tps.sboard+;/Users/poofas/Desktop/Stuff/projeeee/animjams/The Perfect Storm/tps/tps.sboard
﻿  2022-10-04 14:29:53;Delete;/Users/poofas/Desktop/Stuff/projeeee/animjams/The Perfect Storm/tps/tps.sboard+;
﻿  2022-10-04 14:29:53;Delete;/Users/poofas/Desktop/Stuff/projeeee/animjams/The Perfect Storm/tps/tps.aux~;
﻿  2022-10-04 14:29:53;Rename;/Users/poofas/Desktop/Stuff/projeeee/animjams/The Perfect Storm/tps/tps.aux;/Users/poofas/Desktop/Stuff/projeeee/animjams/The Perfect Storm/tps/tps.aux~
﻿  2022-10-04 14:29:53;Copy;/Users/poofas/Desktop/Stuff/projeeee/animjams/The Perfect Storm/tps/tps.aux;/Users/poofas/Desktop/Stuff/projeeee/animjams/The Perfect Storm/tps/tps.aux~
﻿  2022-10-04 14:29:53;Delete;/Users/poofas/Desktop/Stuff/projeeee/animjams/The Perfect Storm/tps/tps.aux;
﻿  2022-10-04 14:29:53;Rename;/Users/poofas/Desktop/Stuff/projeeee/animjams/The Perfect Storm/tps/tps.aux+;/Users/poofas/Desktop/Stuff/projeeee/animjams/The Perfect Storm/tps/tps.aux
﻿  2022-10-04 14:29:53;Copy;/Users/poofas/Desktop/Stuff/projeeee/animjams/The Perfect Storm/tps/tps.aux+;/Users/poofas/Desktop/Stuff/projeeee/animjams/The Perfect Storm/tps/tps.aux
﻿  2022-10-04 14:29:53;Delete;/Users/poofas/Desktop/Stuff/projeeee/animjams/The Perfect Storm/tps/tps.aux+;
﻿  2022-10-04 14:29:53;Create;/Users/poofas/Desktop/Stuff/projeeee/animjams/The Perfect Storm/tps/tps.sboard.thumbnails;
﻿2022-10-04 14:29:53;ACTION;End Saving project
﻿2022-10-04 14:29:54;ACTION;Start Closing project
﻿  2022-10-04 14:29:54;Delete;/Users/poofas/Desktop/Stuff/projeeee/animjams/The Perfect Storm/tps/tps.sboard.lock;
﻿  2022-10-04 14:29:55;Delete;/Users/poofas/Library/Application Support/ToonBoomSessionTempDir/25121;
﻿  2022-10-04 14:29:55;Delete;/Users/poofas/Library/Application Support/ToonBoomSessionTempDir/25121;
﻿2022-10-04 14:29:55;ACTION;End Closing project
