Log file produced by: Storyboard Pro (StoryboardPro) version 10.2.2 build 10086 2015-04-08 20:59:13
﻿2022-09-20 22:37:14;ACTION;Start Saving project
﻿  2022-09-20 22:37:14;Create;/Users/poofas/Desktop/Stuff/projeeee/animjams/The Perfect Storm/tps/tps.sboard+;
﻿  2022-09-20 22:37:14;Delete;/Users/poofas/Desktop/Stuff/projeeee/animjams/The Perfect Storm/tps/tps.sboard+;
﻿  2022-09-20 22:37:14;Create;/Users/poofas/Desktop/Stuff/projeeee/animjams/The Perfect Storm/tps/tps.sboard+;
﻿  2022-09-20 22:37:14;Delete;/Users/poofas/Desktop/Stuff/projeeee/animjams/The Perfect Storm/tps/tps.sboard+;
﻿  2022-09-20 22:37:14;Create;/Users/poofas/Desktop/Stuff/projeeee/animjams/The Perfect Storm/tps/scene.elementTable;
﻿  2022-09-20 22:37:14;Create;/Users/poofas/Desktop/Stuff/projeeee/animjams/The Perfect Storm/tps/tps.sboard+;
﻿  2022-09-20 22:37:14;Delete;/Users/poofas/Desktop/Stuff/projeeee/animjams/The Perfect Storm/tps/tps.sboard~;
﻿  2022-09-20 22:37:14;Rename;/Users/poofas/Desktop/Stuff/projeeee/animjams/The Perfect Storm/tps/tps.sboard;/Users/poofas/Desktop/Stuff/projeeee/animjams/The Perfect Storm/tps/tps.sboard~
﻿  2022-09-20 22:37:14;Copy;/Users/poofas/Desktop/Stuff/projeeee/animjams/The Perfect Storm/tps/tps.sboard;/Users/poofas/Desktop/Stuff/projeeee/animjams/The Perfect Storm/tps/tps.sboard~
﻿  2022-09-20 22:37:14;Delete;/Users/poofas/Desktop/Stuff/projeeee/animjams/The Perfect Storm/tps/tps.sboard;
﻿  2022-09-20 22:37:14;Rename;/Users/poofas/Desktop/Stuff/projeeee/animjams/The Perfect Storm/tps/tps.sboard+;/Users/poofas/Desktop/Stuff/projeeee/animjams/The Perfect Storm/tps/tps.sboard
﻿  2022-09-20 22:37:14;Copy;/Users/poofas/Desktop/Stuff/projeeee/animjams/The Perfect Storm/tps/tps.sboard+;/Users/poofas/Desktop/Stuff/projeeee/animjams/The Perfect Storm/tps/tps.sboard
﻿  2022-09-20 22:37:14;Delete;/Users/poofas/Desktop/Stuff/projeeee/animjams/The Perfect Storm/tps/tps.sboard+;
﻿  2022-09-20 22:37:14;Delete;/Users/poofas/Desktop/Stuff/projeeee/animjams/The Perfect Storm/tps/tps.aux~;
﻿  2022-09-20 22:37:14;Rename;/Users/poofas/Desktop/Stuff/projeeee/animjams/The Perfect Storm/tps/tps.aux;/Users/poofas/Desktop/Stuff/projeeee/animjams/The Perfect Storm/tps/tps.aux~
﻿  2022-09-20 22:37:14;Copy;/Users/poofas/Desktop/Stuff/projeeee/animjams/The Perfect Storm/tps/tps.aux;/Users/poofas/Desktop/Stuff/projeeee/animjams/The Perfect Storm/tps/tps.aux~
﻿  2022-09-20 22:37:14;Delete;/Users/poofas/Desktop/Stuff/projeeee/animjams/The Perfect Storm/tps/tps.aux;
﻿  2022-09-20 22:37:14;Rename;/Users/poofas/Desktop/Stuff/projeeee/animjams/The Perfect Storm/tps/tps.aux+;/Users/poofas/Desktop/Stuff/projeeee/animjams/The Perfect Storm/tps/tps.aux
﻿  2022-09-20 22:37:14;Copy;/Users/poofas/Desktop/Stuff/projeeee/animjams/The Perfect Storm/tps/tps.aux+;/Users/poofas/Desktop/Stuff/projeeee/animjams/The Perfect Storm/tps/tps.aux
﻿  2022-09-20 22:37:14;Delete;/Users/poofas/Desktop/Stuff/projeeee/animjams/The Perfect Storm/tps/tps.aux+;
﻿  2022-09-20 22:37:14;Create;/Users/poofas/Desktop/Stuff/projeeee/animjams/The Perfect Storm/tps/tps.sboard.thumbnails;
﻿2022-09-20 22:37:14;ACTION;End Saving project
﻿2022-09-20 22:37:27;ACTION;Start Closing project
﻿  2022-09-20 22:37:27;Delete;/Users/poofas/Desktop/Stuff/projeeee/animjams/The Perfect Storm/tps/tps.sboard.lock;
﻿  2022-09-20 22:37:29;Delete;/Users/poofas/Library/Application Support/ToonBoomSessionTempDir/40383;
﻿  2022-09-20 22:37:29;Delete;/Users/poofas/Library/Application Support/ToonBoomSessionTempDir/40383;
﻿2022-09-20 22:37:29;ACTION;End Closing project
